<?xml version="1.0" encoding="UTF-8"?>
<testsuite xmlns:xsi="http://www.w3.org/2001/XMLSchema-instance" xsi:noNamespaceSchemaLocation="https://maven.apache.org/surefire/maven-surefire-plugin/xsd/surefire-test-report.xsd" version="3.0.2" name="com.krickert.search.chunker.ChunkerTest" time="0.054" tests="1" errors="0" skipped="0" failures="0">
  <properties>
    <property name="java.specification.version" value="17"/>
    <property name="sun.jnu.encoding" value="UTF-8"/>
    <property name="java.class.path" value="/Users/krickert/IdeaProjects/newrag/chunker/target/test-classes:/Users/krickert/IdeaProjects/newrag/chunker/target/classes:/Users/krickert/.m2/repository/io/micronaut/micronaut-http-client/4.5.4/micronaut-http-client-4.5.4.jar:/Users/krickert/.m2/repository/org/slf4j/slf4j-api/2.0.12/slf4j-api-2.0.12.jar:/Users/krickert/.m2/repository/io/micronaut/micronaut-context/4.5.4/micronaut-context-4.5.4.jar:/Users/krickert/.m2/repository/io/micronaut/micronaut-aop/4.5.4/micronaut-aop-4.5.4.jar:/Users/krickert/.m2/repository/io/micronaut/micronaut-http-client-core/4.5.4/micronaut-http-client-core-4.5.4.jar:/Users/krickert/.m2/repository/io/micronaut/micronaut-http/4.5.4/micronaut-http-4.5.4.jar:/Users/krickert/.m2/repository/io/micronaut/micronaut-context-propagation/4.5.4/micronaut-context-propagation-4.5.4.jar:/Users/krickert/.m2/repository/io/micronaut/micronaut-websocket/4.5.4/micronaut-websocket-4.5.4.jar:/Users/krickert/.m2/repository/io/micronaut/micronaut-http-netty/4.5.4/micronaut-http-netty-4.5.4.jar:/Users/krickert/.m2/repository/io/micronaut/micronaut-buffer-netty/4.5.4/micronaut-buffer-netty-4.5.4.jar:/Users/krickert/.m2/repository/io/netty/netty-codec-http2/4.1.111.Final/netty-codec-http2-4.1.111.Final.jar:/Users/krickert/.m2/repository/io/netty/netty-handler/4.1.111.Final/netty-handler-4.1.111.Final.jar:/Users/krickert/.m2/repository/io/netty/netty-resolver/4.1.111.Final/netty-resolver-4.1.111.Final.jar:/Users/krickert/.m2/repository/io/netty/netty-transport-native-unix-common/4.1.111.Final/netty-transport-native-unix-common-4.1.111.Final.jar:/Users/krickert/.m2/repository/io/netty/netty-handler-proxy/4.1.111.Final/netty-handler-proxy-4.1.111.Final.jar:/Users/krickert/.m2/repository/io/netty/netty-common/4.1.111.Final/netty-common-4.1.111.Final.jar:/Users/krickert/.m2/repository/io/netty/netty-buffer/4.1.111.Final/netty-buffer-4.1.111.Final.jar:/Users/krickert/.m2/repository/io/netty/netty-transport/4.1.111.Final/netty-transport-4.1.111.Final.jar:/Users/krickert/.m2/repository/io/netty/netty-codec/4.1.111.Final/netty-codec-4.1.111.Final.jar:/Users/krickert/.m2/repository/io/netty/netty-codec-socks/4.1.111.Final/netty-codec-socks-4.1.111.Final.jar:/Users/krickert/.m2/repository/io/projectreactor/reactor-core/3.5.11/reactor-core-3.5.11.jar:/Users/krickert/.m2/repository/org/reactivestreams/reactive-streams/1.0.4/reactive-streams-1.0.4.jar:/Users/krickert/.m2/repository/io/micronaut/micronaut-http-server-netty/4.5.4/micronaut-http-server-netty-4.5.4.jar:/Users/krickert/.m2/repository/io/micronaut/micronaut-http-server/4.5.4/micronaut-http-server-4.5.4.jar:/Users/krickert/.m2/repository/io/micronaut/micronaut-core/4.5.4/micronaut-core-4.5.4.jar:/Users/krickert/.m2/repository/io/netty/netty-codec-http/4.1.111.Final/netty-codec-http-4.1.111.Final.jar:/Users/krickert/.m2/repository/io/micronaut/micronaut-management/4.5.4/micronaut-management-4.5.4.jar:/Users/krickert/.m2/repository/io/micronaut/micronaut-router/4.5.4/micronaut-router-4.5.4.jar:/Users/krickert/.m2/repository/io/micronaut/micronaut-discovery-core/4.5.4/micronaut-discovery-core-4.5.4.jar:/Users/krickert/.m2/repository/io/micronaut/grpc/micronaut-grpc-runtime/4.5.0/micronaut-grpc-runtime-4.5.0.jar:/Users/krickert/.m2/repository/io/micronaut/micronaut-inject/4.5.4/micronaut-inject-4.5.4.jar:/Users/krickert/.m2/repository/jakarta/inject/jakarta.inject-api/2.0.1/jakarta.inject-api-2.0.1.jar:/Users/krickert/.m2/repository/jakarta/annotation/jakarta.annotation-api/2.1.1/jakarta.annotation-api-2.1.1.jar:/Users/krickert/.m2/repository/io/micronaut/grpc/micronaut-grpc-client-runtime/4.5.0/micronaut-grpc-client-runtime-4.5.0.jar:/Users/krickert/.m2/repository/io/micronaut/grpc/micronaut-grpc-annotation/4.5.0/micronaut-grpc-annotation-4.5.0.jar:/Users/krickert/.m2/repository/io/micronaut/grpc/micronaut-grpc-opentracing/4.5.0/micronaut-grpc-opentracing-4.5.0.jar:/Users/krickert/.m2/repository/io/grpc/grpc-core/1.64.0/grpc-core-1.64.0.jar:/Users/krickert/.m2/repository/com/google/android/annotations/4.1.1.4/annotations-4.1.1.4.jar:/Users/krickert/.m2/repository/org/codehaus/mojo/animal-sniffer-annotations/1.23/animal-sniffer-annotations-1.23.jar:/Users/krickert/.m2/repository/io/perfmark/perfmark-api/0.26.0/perfmark-api-0.26.0.jar:/Users/krickert/.m2/repository/io/grpc/grpc-context/1.64.0/grpc-context-1.64.0.jar:/Users/krickert/.m2/repository/io/grpc/grpc-netty/1.64.0/grpc-netty-1.64.0.jar:/Users/krickert/.m2/repository/io/grpc/grpc-util/1.64.0/grpc-util-1.64.0.jar:/Users/krickert/.m2/repository/io/micronaut/grpc/micronaut-grpc-server-runtime/4.5.0/micronaut-grpc-server-runtime-4.5.0.jar:/Users/krickert/.m2/repository/io/micronaut/grpc/micronaut-grpc-health/4.5.0/micronaut-grpc-health-4.5.0.jar:/Users/krickert/.m2/repository/io/micronaut/serde/micronaut-serde-jackson/2.10.2/micronaut-serde-jackson-2.10.2.jar:/Users/krickert/.m2/repository/io/micronaut/micronaut-jackson-core/4.5.4/micronaut-jackson-core-4.5.4.jar:/Users/krickert/.m2/repository/com/fasterxml/jackson/core/jackson-core/2.17.2/jackson-core-2.17.2.jar:/Users/krickert/.m2/repository/com/fasterxml/jackson/core/jackson-annotations/2.17.2/jackson-annotations-2.17.2.jar:/Users/krickert/.m2/repository/io/micronaut/serde/micronaut-serde-api/2.10.2/micronaut-serde-api-2.10.2.jar:/Users/krickert/.m2/repository/io/micronaut/serde/micronaut-serde-support/2.10.2/micronaut-serde-support-2.10.2.jar:/Users/krickert/.m2/repository/ch/qos/logback/logback-classic/1.5.3/logback-classic-1.5.3.jar:/Users/krickert/.m2/repository/ch/qos/logback/logback-core/1.5.6/logback-core-1.5.6.jar:/Users/krickert/.m2/repository/org/yaml/snakeyaml/2.2/snakeyaml-2.2.jar:/Users/krickert/.m2/repository/io/micronaut/testresources/micronaut-test-resources-client/2.5.4/micronaut-test-resources-client-2.5.4.jar:/Users/krickert/.m2/repository/io/micronaut/micronaut-json-core/4.5.4/micronaut-json-core-4.5.4.jar:/Users/krickert/.m2/repository/io/micronaut/testresources/micronaut-test-resources-core/2.5.4/micronaut-test-resources-core-2.5.4.jar:/Users/krickert/.m2/repository/org/apache/commons/commons-compress/1.27.0/commons-compress-1.27.0.jar:/Users/krickert/.m2/repository/commons-codec/commons-codec/1.17.1/commons-codec-1.17.1.jar:/Users/krickert/.m2/repository/commons-io/commons-io/2.16.1/commons-io-2.16.1.jar:/Users/krickert/.m2/repository/org/apache/commons/commons-lang3/3.15.0/commons-lang3-3.15.0.jar:/Users/krickert/.m2/repository/com/krickert/search/wikisearch-model/1.0-SNAPSHOT/wikisearch-model-1.0-SNAPSHOT.jar:/Users/krickert/.m2/repository/io/grpc/grpc-stub/1.64.0/grpc-stub-1.64.0.jar:/Users/krickert/.m2/repository/io/grpc/grpc-api/1.64.0/grpc-api-1.64.0.jar:/Users/krickert/.m2/repository/io/grpc/grpc-protobuf/1.64.0/grpc-protobuf-1.64.0.jar:/Users/krickert/.m2/repository/com/google/api/grpc/proto-google-common-protos/2.29.0/proto-google-common-protos-2.29.0.jar:/Users/krickert/.m2/repository/io/grpc/grpc-protobuf-lite/1.64.0/grpc-protobuf-lite-1.64.0.jar:/Users/krickert/.m2/repository/javax/annotation/javax.annotation-api/1.3.2/javax.annotation-api-1.3.2.jar:/Users/krickert/.m2/repository/com/google/protobuf/protobuf-java/3.25.3/protobuf-java-3.25.3.jar:/Users/krickert/.m2/repository/io/micronaut/test/micronaut-test-junit5/4.4.0/micronaut-test-junit5-4.4.0.jar:/Users/krickert/.m2/repository/io/micronaut/test/micronaut-test-core/4.4.0/micronaut-test-core-4.4.0.jar:/Users/krickert/.m2/repository/org/assertj/assertj-core/3.26.3/assertj-core-3.26.3.jar:/Users/krickert/.m2/repository/net/bytebuddy/byte-buddy/1.14.17/byte-buddy-1.14.17.jar:/Users/krickert/.m2/repository/org/awaitility/awaitility/4.2.2/awaitility-4.2.2.jar:/Users/krickert/.m2/repository/org/hamcrest/hamcrest/2.2/hamcrest-2.2.jar:/Users/krickert/.m2/repository/org/junit/jupiter/junit-jupiter-api/5.10.3/junit-jupiter-api-5.10.3.jar:/Users/krickert/.m2/repository/org/opentest4j/opentest4j/1.3.0/opentest4j-1.3.0.jar:/Users/krickert/.m2/repository/org/junit/platform/junit-platform-commons/1.10.3/junit-platform-commons-1.10.3.jar:/Users/krickert/.m2/repository/org/apiguardian/apiguardian-api/1.1.2/apiguardian-api-1.1.2.jar:/Users/krickert/.m2/repository/org/junit/jupiter/junit-jupiter-engine/5.10.3/junit-jupiter-engine-5.10.3.jar:/Users/krickert/.m2/repository/org/junit/platform/junit-platform-engine/1.10.3/junit-platform-engine-1.10.3.jar:/Users/krickert/.m2/repository/org/mockito/mockito-core/5.12.0/mockito-core-5.12.0.jar:/Users/krickert/.m2/repository/net/bytebuddy/byte-buddy-agent/1.14.17/byte-buddy-agent-1.14.17.jar:/Users/krickert/.m2/repository/org/objenesis/objenesis/3.3/objenesis-3.3.jar:/Users/krickert/.m2/repository/org/testcontainers/junit-jupiter/1.19.7/junit-jupiter-1.19.7.jar:/Users/krickert/.m2/repository/org/testcontainers/testcontainers/1.19.7/testcontainers-1.19.7.jar:/Users/krickert/.m2/repository/junit/junit/4.13.2/junit-4.13.2.jar:/Users/krickert/.m2/repository/org/hamcrest/hamcrest-core/1.3/hamcrest-core-1.3.jar:/Users/krickert/.m2/repository/org/rnorth/duct-tape/duct-tape/1.0.8/duct-tape-1.0.8.jar:/Users/krickert/.m2/repository/org/jetbrains/annotations/17.0.0/annotations-17.0.0.jar:/Users/krickert/.m2/repository/com/github/docker-java/docker-java-api/3.3.6/docker-java-api-3.3.6.jar:/Users/krickert/.m2/repository/com/github/docker-java/docker-java-transport-zerodep/3.3.6/docker-java-transport-zerodep-3.3.6.jar:/Users/krickert/.m2/repository/com/github/docker-java/docker-java-transport/3.3.6/docker-java-transport-3.3.6.jar:/Users/krickert/.m2/repository/net/java/dev/jna/jna/5.14.0/jna-5.14.0.jar:/Users/krickert/.m2/repository/org/testcontainers/consul/1.19.7/consul-1.19.7.jar:/Users/krickert/.m2/repository/com/google/protobuf/protobuf-java-util/3.25.3/protobuf-java-util-3.25.3.jar:/Users/krickert/.m2/repository/com/google/code/findbugs/jsr305/3.0.2/jsr305-3.0.2.jar:/Users/krickert/.m2/repository/com/google/code/gson/gson/2.8.9/gson-2.8.9.jar:/Users/krickert/.m2/repository/com/google/errorprone/error_prone_annotations/2.18.0/error_prone_annotations-2.18.0.jar:/Users/krickert/.m2/repository/com/google/guava/guava/33.2.0-jre/guava-33.2.0-jre.jar:/Users/krickert/.m2/repository/com/google/guava/failureaccess/1.0.2/failureaccess-1.0.2.jar:/Users/krickert/.m2/repository/com/google/guava/listenablefuture/9999.0-empty-to-avoid-conflict-with-guava/listenablefuture-9999.0-empty-to-avoid-conflict-with-guava.jar:/Users/krickert/.m2/repository/org/checkerframework/checker-qual/3.42.0/checker-qual-3.42.0.jar:/Users/krickert/.m2/repository/com/google/j2objc/j2objc-annotations/2.8/j2objc-annotations-2.8.jar:/Users/krickert/.m2/repository/com/krickert/search/wikisearch-model-test-resources/1.0-SNAPSHOT/wikisearch-model-test-resources-1.0-SNAPSHOT.jar:/Users/krickert/.m2/repository/io/micronaut/validation/micronaut-validation/4.6.1/micronaut-validation-4.6.1.jar:/Users/krickert/.m2/repository/io/micronaut/micronaut-core-reactive/4.5.4/micronaut-core-reactive-4.5.4.jar:/Users/krickert/.m2/repository/io/micronaut/reactor/micronaut-reactor/3.4.1/micronaut-reactor-3.4.1.jar:/Users/krickert/.m2/repository/jakarta/validation/jakarta.validation-api/3.1.0/jakarta.validation-api-3.1.0.jar:/Users/krickert/.m2/repository/io/micronaut/openapi/micronaut-openapi-annotations/6.11.1/micronaut-openapi-annotations-6.11.1.jar:/Users/krickert/.m2/repository/io/swagger/core/v3/swagger-annotations/2.2.22/swagger-annotations-2.2.22.jar:"/>
    <property name="java.vm.vendor" value="Amazon.com Inc."/>
    <property name="sun.arch.data.model" value="64"/>
    <property name="java.vendor.url" value="https://aws.amazon.com/corretto/"/>
    <property name="user.timezone" value="America/New_York"/>
    <property name="os.name" value="Mac OS X"/>
    <property name="java.vm.specification.version" value="17"/>
    <property name="sun.java.launcher" value="SUN_STANDARD"/>
    <property name="user.country" value="US"/>
    <property name="sun.boot.library.path" value="/Users/krickert/.sdkman/candidates/java/17.0.12-amzn/lib"/>
    <property name="sun.java.command" value="/Users/krickert/IdeaProjects/newrag/chunker/target/surefire/surefirebooter-20240814201453816_3.jar /Users/krickert/IdeaProjects/newrag/chunker/target/surefire 2024-08-14T20-14-53_779-jvmRun1 surefire-20240814201453816_1tmp surefire_0-20240814201453816_2tmp"/>
    <property name="http.nonProxyHosts" value="local|*.local|169.254/16|*.169.254/16"/>
    <property name="jdk.debug" value="release"/>
    <property name="surefire.test.class.path" value="/Users/krickert/IdeaProjects/newrag/chunker/target/test-classes:/Users/krickert/IdeaProjects/newrag/chunker/target/classes:/Users/krickert/.m2/repository/io/micronaut/micronaut-http-client/4.5.4/micronaut-http-client-4.5.4.jar:/Users/krickert/.m2/repository/org/slf4j/slf4j-api/2.0.12/slf4j-api-2.0.12.jar:/Users/krickert/.m2/repository/io/micronaut/micronaut-context/4.5.4/micronaut-context-4.5.4.jar:/Users/krickert/.m2/repository/io/micronaut/micronaut-aop/4.5.4/micronaut-aop-4.5.4.jar:/Users/krickert/.m2/repository/io/micronaut/micronaut-http-client-core/4.5.4/micronaut-http-client-core-4.5.4.jar:/Users/krickert/.m2/repository/io/micronaut/micronaut-http/4.5.4/micronaut-http-4.5.4.jar:/Users/krickert/.m2/repository/io/micronaut/micronaut-context-propagation/4.5.4/micronaut-context-propagation-4.5.4.jar:/Users/krickert/.m2/repository/io/micronaut/micronaut-websocket/4.5.4/micronaut-websocket-4.5.4.jar:/Users/krickert/.m2/repository/io/micronaut/micronaut-http-netty/4.5.4/micronaut-http-netty-4.5.4.jar:/Users/krickert/.m2/repository/io/micronaut/micronaut-buffer-netty/4.5.4/micronaut-buffer-netty-4.5.4.jar:/Users/krickert/.m2/repository/io/netty/netty-codec-http2/4.1.111.Final/netty-codec-http2-4.1.111.Final.jar:/Users/krickert/.m2/repository/io/netty/netty-handler/4.1.111.Final/netty-handler-4.1.111.Final.jar:/Users/krickert/.m2/repository/io/netty/netty-resolver/4.1.111.Final/netty-resolver-4.1.111.Final.jar:/Users/krickert/.m2/repository/io/netty/netty-transport-native-unix-common/4.1.111.Final/netty-transport-native-unix-common-4.1.111.Final.jar:/Users/krickert/.m2/repository/io/netty/netty-handler-proxy/4.1.111.Final/netty-handler-proxy-4.1.111.Final.jar:/Users/krickert/.m2/repository/io/netty/netty-common/4.1.111.Final/netty-common-4.1.111.Final.jar:/Users/krickert/.m2/repository/io/netty/netty-buffer/4.1.111.Final/netty-buffer-4.1.111.Final.jar:/Users/krickert/.m2/repository/io/netty/netty-transport/4.1.111.Final/netty-transport-4.1.111.Final.jar:/Users/krickert/.m2/repository/io/netty/netty-codec/4.1.111.Final/netty-codec-4.1.111.Final.jar:/Users/krickert/.m2/repository/io/netty/netty-codec-socks/4.1.111.Final/netty-codec-socks-4.1.111.Final.jar:/Users/krickert/.m2/repository/io/projectreactor/reactor-core/3.5.11/reactor-core-3.5.11.jar:/Users/krickert/.m2/repository/org/reactivestreams/reactive-streams/1.0.4/reactive-streams-1.0.4.jar:/Users/krickert/.m2/repository/io/micronaut/micronaut-http-server-netty/4.5.4/micronaut-http-server-netty-4.5.4.jar:/Users/krickert/.m2/repository/io/micronaut/micronaut-http-server/4.5.4/micronaut-http-server-4.5.4.jar:/Users/krickert/.m2/repository/io/micronaut/micronaut-core/4.5.4/micronaut-core-4.5.4.jar:/Users/krickert/.m2/repository/io/netty/netty-codec-http/4.1.111.Final/netty-codec-http-4.1.111.Final.jar:/Users/krickert/.m2/repository/io/micronaut/micronaut-management/4.5.4/micronaut-management-4.5.4.jar:/Users/krickert/.m2/repository/io/micronaut/micronaut-router/4.5.4/micronaut-router-4.5.4.jar:/Users/krickert/.m2/repository/io/micronaut/micronaut-discovery-core/4.5.4/micronaut-discovery-core-4.5.4.jar:/Users/krickert/.m2/repository/io/micronaut/grpc/micronaut-grpc-runtime/4.5.0/micronaut-grpc-runtime-4.5.0.jar:/Users/krickert/.m2/repository/io/micronaut/micronaut-inject/4.5.4/micronaut-inject-4.5.4.jar:/Users/krickert/.m2/repository/jakarta/inject/jakarta.inject-api/2.0.1/jakarta.inject-api-2.0.1.jar:/Users/krickert/.m2/repository/jakarta/annotation/jakarta.annotation-api/2.1.1/jakarta.annotation-api-2.1.1.jar:/Users/krickert/.m2/repository/io/micronaut/grpc/micronaut-grpc-client-runtime/4.5.0/micronaut-grpc-client-runtime-4.5.0.jar:/Users/krickert/.m2/repository/io/micronaut/grpc/micronaut-grpc-annotation/4.5.0/micronaut-grpc-annotation-4.5.0.jar:/Users/krickert/.m2/repository/io/micronaut/grpc/micronaut-grpc-opentracing/4.5.0/micronaut-grpc-opentracing-4.5.0.jar:/Users/krickert/.m2/repository/io/grpc/grpc-core/1.64.0/grpc-core-1.64.0.jar:/Users/krickert/.m2/repository/com/google/android/annotations/4.1.1.4/annotations-4.1.1.4.jar:/Users/krickert/.m2/repository/org/codehaus/mojo/animal-sniffer-annotations/1.23/animal-sniffer-annotations-1.23.jar:/Users/krickert/.m2/repository/io/perfmark/perfmark-api/0.26.0/perfmark-api-0.26.0.jar:/Users/krickert/.m2/repository/io/grpc/grpc-context/1.64.0/grpc-context-1.64.0.jar:/Users/krickert/.m2/repository/io/grpc/grpc-netty/1.64.0/grpc-netty-1.64.0.jar:/Users/krickert/.m2/repository/io/grpc/grpc-util/1.64.0/grpc-util-1.64.0.jar:/Users/krickert/.m2/repository/io/micronaut/grpc/micronaut-grpc-server-runtime/4.5.0/micronaut-grpc-server-runtime-4.5.0.jar:/Users/krickert/.m2/repository/io/micronaut/grpc/micronaut-grpc-health/4.5.0/micronaut-grpc-health-4.5.0.jar:/Users/krickert/.m2/repository/io/micronaut/serde/micronaut-serde-jackson/2.10.2/micronaut-serde-jackson-2.10.2.jar:/Users/krickert/.m2/repository/io/micronaut/micronaut-jackson-core/4.5.4/micronaut-jackson-core-4.5.4.jar:/Users/krickert/.m2/repository/com/fasterxml/jackson/core/jackson-core/2.17.2/jackson-core-2.17.2.jar:/Users/krickert/.m2/repository/com/fasterxml/jackson/core/jackson-annotations/2.17.2/jackson-annotations-2.17.2.jar:/Users/krickert/.m2/repository/io/micronaut/serde/micronaut-serde-api/2.10.2/micronaut-serde-api-2.10.2.jar:/Users/krickert/.m2/repository/io/micronaut/serde/micronaut-serde-support/2.10.2/micronaut-serde-support-2.10.2.jar:/Users/krickert/.m2/repository/ch/qos/logback/logback-classic/1.5.3/logback-classic-1.5.3.jar:/Users/krickert/.m2/repository/ch/qos/logback/logback-core/1.5.6/logback-core-1.5.6.jar:/Users/krickert/.m2/repository/org/yaml/snakeyaml/2.2/snakeyaml-2.2.jar:/Users/krickert/.m2/repository/io/micronaut/testresources/micronaut-test-resources-client/2.5.4/micronaut-test-resources-client-2.5.4.jar:/Users/krickert/.m2/repository/io/micronaut/micronaut-json-core/4.5.4/micronaut-json-core-4.5.4.jar:/Users/krickert/.m2/repository/io/micronaut/testresources/micronaut-test-resources-core/2.5.4/micronaut-test-resources-core-2.5.4.jar:/Users/krickert/.m2/repository/org/apache/commons/commons-compress/1.27.0/commons-compress-1.27.0.jar:/Users/krickert/.m2/repository/commons-codec/commons-codec/1.17.1/commons-codec-1.17.1.jar:/Users/krickert/.m2/repository/commons-io/commons-io/2.16.1/commons-io-2.16.1.jar:/Users/krickert/.m2/repository/org/apache/commons/commons-lang3/3.15.0/commons-lang3-3.15.0.jar:/Users/krickert/.m2/repository/com/krickert/search/wikisearch-model/1.0-SNAPSHOT/wikisearch-model-1.0-SNAPSHOT.jar:/Users/krickert/.m2/repository/io/grpc/grpc-stub/1.64.0/grpc-stub-1.64.0.jar:/Users/krickert/.m2/repository/io/grpc/grpc-api/1.64.0/grpc-api-1.64.0.jar:/Users/krickert/.m2/repository/io/grpc/grpc-protobuf/1.64.0/grpc-protobuf-1.64.0.jar:/Users/krickert/.m2/repository/com/google/api/grpc/proto-google-common-protos/2.29.0/proto-google-common-protos-2.29.0.jar:/Users/krickert/.m2/repository/io/grpc/grpc-protobuf-lite/1.64.0/grpc-protobuf-lite-1.64.0.jar:/Users/krickert/.m2/repository/javax/annotation/javax.annotation-api/1.3.2/javax.annotation-api-1.3.2.jar:/Users/krickert/.m2/repository/com/google/protobuf/protobuf-java/3.25.3/protobuf-java-3.25.3.jar:/Users/krickert/.m2/repository/io/micronaut/test/micronaut-test-junit5/4.4.0/micronaut-test-junit5-4.4.0.jar:/Users/krickert/.m2/repository/io/micronaut/test/micronaut-test-core/4.4.0/micronaut-test-core-4.4.0.jar:/Users/krickert/.m2/repository/org/assertj/assertj-core/3.26.3/assertj-core-3.26.3.jar:/Users/krickert/.m2/repository/net/bytebuddy/byte-buddy/1.14.17/byte-buddy-1.14.17.jar:/Users/krickert/.m2/repository/org/awaitility/awaitility/4.2.2/awaitility-4.2.2.jar:/Users/krickert/.m2/repository/org/hamcrest/hamcrest/2.2/hamcrest-2.2.jar:/Users/krickert/.m2/repository/org/junit/jupiter/junit-jupiter-api/5.10.3/junit-jupiter-api-5.10.3.jar:/Users/krickert/.m2/repository/org/opentest4j/opentest4j/1.3.0/opentest4j-1.3.0.jar:/Users/krickert/.m2/repository/org/junit/platform/junit-platform-commons/1.10.3/junit-platform-commons-1.10.3.jar:/Users/krickert/.m2/repository/org/apiguardian/apiguardian-api/1.1.2/apiguardian-api-1.1.2.jar:/Users/krickert/.m2/repository/org/junit/jupiter/junit-jupiter-engine/5.10.3/junit-jupiter-engine-5.10.3.jar:/Users/krickert/.m2/repository/org/junit/platform/junit-platform-engine/1.10.3/junit-platform-engine-1.10.3.jar:/Users/krickert/.m2/repository/org/mockito/mockito-core/5.12.0/mockito-core-5.12.0.jar:/Users/krickert/.m2/repository/net/bytebuddy/byte-buddy-agent/1.14.17/byte-buddy-agent-1.14.17.jar:/Users/krickert/.m2/repository/org/objenesis/objenesis/3.3/objenesis-3.3.jar:/Users/krickert/.m2/repository/org/testcontainers/junit-jupiter/1.19.7/junit-jupiter-1.19.7.jar:/Users/krickert/.m2/repository/org/testcontainers/testcontainers/1.19.7/testcontainers-1.19.7.jar:/Users/krickert/.m2/repository/junit/junit/4.13.2/junit-4.13.2.jar:/Users/krickert/.m2/repository/org/hamcrest/hamcrest-core/1.3/hamcrest-core-1.3.jar:/Users/krickert/.m2/repository/org/rnorth/duct-tape/duct-tape/1.0.8/duct-tape-1.0.8.jar:/Users/krickert/.m2/repository/org/jetbrains/annotations/17.0.0/annotations-17.0.0.jar:/Users/krickert/.m2/repository/com/github/docker-java/docker-java-api/3.3.6/docker-java-api-3.3.6.jar:/Users/krickert/.m2/repository/com/github/docker-java/docker-java-transport-zerodep/3.3.6/docker-java-transport-zerodep-3.3.6.jar:/Users/krickert/.m2/repository/com/github/docker-java/docker-java-transport/3.3.6/docker-java-transport-3.3.6.jar:/Users/krickert/.m2/repository/net/java/dev/jna/jna/5.14.0/jna-5.14.0.jar:/Users/krickert/.m2/repository/org/testcontainers/consul/1.19.7/consul-1.19.7.jar:/Users/krickert/.m2/repository/com/google/protobuf/protobuf-java-util/3.25.3/protobuf-java-util-3.25.3.jar:/Users/krickert/.m2/repository/com/google/code/findbugs/jsr305/3.0.2/jsr305-3.0.2.jar:/Users/krickert/.m2/repository/com/google/code/gson/gson/2.8.9/gson-2.8.9.jar:/Users/krickert/.m2/repository/com/google/errorprone/error_prone_annotations/2.18.0/error_prone_annotations-2.18.0.jar:/Users/krickert/.m2/repository/com/google/guava/guava/33.2.0-jre/guava-33.2.0-jre.jar:/Users/krickert/.m2/repository/com/google/guava/failureaccess/1.0.2/failureaccess-1.0.2.jar:/Users/krickert/.m2/repository/com/google/guava/listenablefuture/9999.0-empty-to-avoid-conflict-with-guava/listenablefuture-9999.0-empty-to-avoid-conflict-with-guava.jar:/Users/krickert/.m2/repository/org/checkerframework/checker-qual/3.42.0/checker-qual-3.42.0.jar:/Users/krickert/.m2/repository/com/google/j2objc/j2objc-annotations/2.8/j2objc-annotations-2.8.jar:/Users/krickert/.m2/repository/com/krickert/search/wikisearch-model-test-resources/1.0-SNAPSHOT/wikisearch-model-test-resources-1.0-SNAPSHOT.jar:/Users/krickert/.m2/repository/io/micronaut/validation/micronaut-validation/4.6.1/micronaut-validation-4.6.1.jar:/Users/krickert/.m2/repository/io/micronaut/micronaut-core-reactive/4.5.4/micronaut-core-reactive-4.5.4.jar:/Users/krickert/.m2/repository/io/micronaut/reactor/micronaut-reactor/3.4.1/micronaut-reactor-3.4.1.jar:/Users/krickert/.m2/repository/jakarta/validation/jakarta.validation-api/3.1.0/jakarta.validation-api-3.1.0.jar:/Users/krickert/.m2/repository/io/micronaut/openapi/micronaut-openapi-annotations/6.11.1/micronaut-openapi-annotations-6.11.1.jar:/Users/krickert/.m2/repository/io/swagger/core/v3/swagger-annotations/2.2.22/swagger-annotations-2.2.22.jar:"/>
    <property name="sun.cpu.endian" value="little"/>
    <property name="user.home" value="/Users/krickert"/>
    <property name="user.language" value="en"/>
    <property name="java.specification.vendor" value="Oracle Corporation"/>
    <property name="io.netty.allocator.maxOrder" value="3"/>
    <property name="java.version.date" value="2024-07-16"/>
    <property name="java.home" value="/Users/krickert/.sdkman/candidates/java/17.0.12-amzn"/>
    <property name="file.separator" value="/"/>
    <property name="basedir" value="/Users/krickert/IdeaProjects/newrag/chunker"/>
    <property name="java.vm.compressedOopsMode" value="Zero based"/>
    <property name="line.separator" value="&#10;"/>
    <property name="java.vm.specification.vendor" value="Oracle Corporation"/>
    <property name="java.specification.name" value="Java Platform API Specification"/>
    <property name="surefire.real.class.path" value="/Users/krickert/IdeaProjects/newrag/chunker/target/surefire/surefirebooter-20240814201453816_3.jar"/>
    <property name="sun.management.compiler" value="HotSpot 64-Bit Tiered Compilers"/>
    <property name="ftp.nonProxyHosts" value="local|*.local|169.254/16|*.169.254/16"/>
    <property name="java.runtime.version" value="17.0.12+7-LTS"/>
    <property name="user.name" value="krickert"/>
    <property name="path.separator" value=":"/>
    <property name="os.version" value="14.6.1"/>
    <property name="java.runtime.name" value="OpenJDK Runtime Environment"/>
    <property name="file.encoding" value="UTF-8"/>
    <property name="java.vm.name" value="OpenJDK 64-Bit Server VM"/>
    <property name="java.vendor.version" value="Corretto-17.0.12.7.1"/>
    <property name="localRepository" value="/Users/krickert/.m2/repository"/>
    <property name="micronaut.classloader.logging" value="true"/>
    <property name="java.vendor.url.bug" value="https://github.com/corretto/corretto-17/issues/"/>
    <property name="java.io.tmpdir" value="/var/folders/qn/2bsy8npd56x082_tn9_4bb440000gp/T/"/>
    <property name="java.version" value="17.0.12"/>
    <property name="user.dir" value="/Users/krickert/IdeaProjects/newrag/chunker"/>
    <property name="os.arch" value="aarch64"/>
    <property name="java.vm.specification.name" value="Java Virtual Machine Specification"/>
    <property name="native.encoding" value="UTF-8"/>
    <property name="java.library.path" value="/Users/krickert/Library/Java/Extensions:/Library/Java/Extensions:/Network/Library/Java/Extensions:/System/Library/Java/Extensions:/usr/lib/java:."/>
    <property name="java.vm.info" value="mixed mode, sharing"/>
    <property name="java.vendor" value="Amazon.com Inc."/>
    <property name="java.vm.version" value="17.0.12+7-LTS"/>
    <property name="sun.io.unicode.encoding" value="UnicodeBig"/>
    <property name="socksNonProxyHosts" value="local|*.local|169.254/16|*.169.254/16"/>
    <property name="java.class.version" value="61.0"/>
  </properties>
  <testcase name="testItWorks" classname="com.krickert.search.chunker.ChunkerTest" time="0.001">
    <system-out><![CDATA[&amp#27;[36m20:14:55.853&amp#27;[0;39m &amp#27;[1;30m[main]&amp#27;[0;39m &amp#27;[34mINFO &amp#27;[0;39m &amp#27;[35mi.m.c.DefaultApplicationContext$RuntimeConfiguredEnvironment&amp#27;[0;39m - Established active environments: [test]
&amp#27;[36m20:14:55.891&amp#27;[0;39m &amp#27;[1;30m[main]&amp#27;[0;39m &amp#27;[34mINFO &amp#27;[0;39m &amp#27;[35mi.m.g.s.GrpcEmbeddedServerListener&amp#27;[0;39m - GRPC started on port 57670
]]></system-out>
  </testcase>
</testsuite>