<?xml version="1.0" encoding="UTF-8"?>
<testsuite xmlns:xsi="http://www.w3.org/2001/XMLSchema-instance" xsi:noNamespaceSchemaLocation="https://maven.apache.org/surefire/maven-surefire-plugin/xsd/surefire-test-report.xsd" version="3.0.2" name="com.krickert.search.chunker.grpc.GrpcChunkerServiceTest" time="1.756" tests="3" errors="0" skipped="0" failures="0">
  <properties>
    <property name="java.specification.version" value="17"/>
    <property name="sun.jnu.encoding" value="UTF-8"/>
    <property name="java.class.path" value="/Users/krickert/IdeaProjects/newrag/chunker/target/test-classes:/Users/krickert/IdeaProjects/newrag/chunker/target/classes:/Users/krickert/.m2/repository/io/micronaut/micronaut-http-client/4.5.4/micronaut-http-client-4.5.4.jar:/Users/krickert/.m2/repository/org/slf4j/slf4j-api/2.0.12/slf4j-api-2.0.12.jar:/Users/krickert/.m2/repository/io/micronaut/micronaut-context/4.5.4/micronaut-context-4.5.4.jar:/Users/krickert/.m2/repository/io/micronaut/micronaut-aop/4.5.4/micronaut-aop-4.5.4.jar:/Users/krickert/.m2/repository/io/micronaut/micronaut-http-client-core/4.5.4/micronaut-http-client-core-4.5.4.jar:/Users/krickert/.m2/repository/io/micronaut/micronaut-http/4.5.4/micronaut-http-4.5.4.jar:/Users/krickert/.m2/repository/io/micronaut/micronaut-context-propagation/4.5.4/micronaut-context-propagation-4.5.4.jar:/Users/krickert/.m2/repository/io/micronaut/micronaut-websocket/4.5.4/micronaut-websocket-4.5.4.jar:/Users/krickert/.m2/repository/io/micronaut/micronaut-http-netty/4.5.4/micronaut-http-netty-4.5.4.jar:/Users/krickert/.m2/repository/io/micronaut/micronaut-buffer-netty/4.5.4/micronaut-buffer-netty-4.5.4.jar:/Users/krickert/.m2/repository/io/netty/netty-codec-http2/4.1.111.Final/netty-codec-http2-4.1.111.Final.jar:/Users/krickert/.m2/repository/io/netty/netty-handler/4.1.111.Final/netty-handler-4.1.111.Final.jar:/Users/krickert/.m2/repository/io/netty/netty-resolver/4.1.111.Final/netty-resolver-4.1.111.Final.jar:/Users/krickert/.m2/repository/io/netty/netty-transport-native-unix-common/4.1.111.Final/netty-transport-native-unix-common-4.1.111.Final.jar:/Users/krickert/.m2/repository/io/netty/netty-handler-proxy/4.1.111.Final/netty-handler-proxy-4.1.111.Final.jar:/Users/krickert/.m2/repository/io/netty/netty-common/4.1.111.Final/netty-common-4.1.111.Final.jar:/Users/krickert/.m2/repository/io/netty/netty-buffer/4.1.111.Final/netty-buffer-4.1.111.Final.jar:/Users/krickert/.m2/repository/io/netty/netty-transport/4.1.111.Final/netty-transport-4.1.111.Final.jar:/Users/krickert/.m2/repository/io/netty/netty-codec/4.1.111.Final/netty-codec-4.1.111.Final.jar:/Users/krickert/.m2/repository/io/netty/netty-codec-socks/4.1.111.Final/netty-codec-socks-4.1.111.Final.jar:/Users/krickert/.m2/repository/io/projectreactor/reactor-core/3.5.11/reactor-core-3.5.11.jar:/Users/krickert/.m2/repository/org/reactivestreams/reactive-streams/1.0.4/reactive-streams-1.0.4.jar:/Users/krickert/.m2/repository/io/micronaut/micronaut-http-server-netty/4.5.4/micronaut-http-server-netty-4.5.4.jar:/Users/krickert/.m2/repository/io/micronaut/micronaut-http-server/4.5.4/micronaut-http-server-4.5.4.jar:/Users/krickert/.m2/repository/io/micronaut/micronaut-core/4.5.4/micronaut-core-4.5.4.jar:/Users/krickert/.m2/repository/io/netty/netty-codec-http/4.1.111.Final/netty-codec-http-4.1.111.Final.jar:/Users/krickert/.m2/repository/io/micronaut/micronaut-management/4.5.4/micronaut-management-4.5.4.jar:/Users/krickert/.m2/repository/io/micronaut/micronaut-router/4.5.4/micronaut-router-4.5.4.jar:/Users/krickert/.m2/repository/io/micronaut/micronaut-discovery-core/4.5.4/micronaut-discovery-core-4.5.4.jar:/Users/krickert/.m2/repository/io/micronaut/grpc/micronaut-grpc-runtime/4.5.0/micronaut-grpc-runtime-4.5.0.jar:/Users/krickert/.m2/repository/io/micronaut/micronaut-inject/4.5.4/micronaut-inject-4.5.4.jar:/Users/krickert/.m2/repository/jakarta/inject/jakarta.inject-api/2.0.1/jakarta.inject-api-2.0.1.jar:/Users/krickert/.m2/repository/jakarta/annotation/jakarta.annotation-api/2.1.1/jakarta.annotation-api-2.1.1.jar:/Users/krickert/.m2/repository/io/micronaut/grpc/micronaut-grpc-client-runtime/4.5.0/micronaut-grpc-client-runtime-4.5.0.jar:/Users/krickert/.m2/repository/io/micronaut/grpc/micronaut-grpc-annotation/4.5.0/micronaut-grpc-annotation-4.5.0.jar:/Users/krickert/.m2/repository/io/micronaut/grpc/micronaut-grpc-opentracing/4.5.0/micronaut-grpc-opentracing-4.5.0.jar:/Users/krickert/.m2/repository/io/grpc/grpc-core/1.64.0/grpc-core-1.64.0.jar:/Users/krickert/.m2/repository/com/google/android/annotations/4.1.1.4/annotations-4.1.1.4.jar:/Users/krickert/.m2/repository/org/codehaus/mojo/animal-sniffer-annotations/1.23/animal-sniffer-annotations-1.23.jar:/Users/krickert/.m2/repository/io/perfmark/perfmark-api/0.26.0/perfmark-api-0.26.0.jar:/Users/krickert/.m2/repository/io/grpc/grpc-context/1.64.0/grpc-context-1.64.0.jar:/Users/krickert/.m2/repository/io/grpc/grpc-netty/1.64.0/grpc-netty-1.64.0.jar:/Users/krickert/.m2/repository/io/grpc/grpc-util/1.64.0/grpc-util-1.64.0.jar:/Users/krickert/.m2/repository/io/micronaut/grpc/micronaut-grpc-server-runtime/4.5.0/micronaut-grpc-server-runtime-4.5.0.jar:/Users/krickert/.m2/repository/io/micronaut/grpc/micronaut-grpc-health/4.5.0/micronaut-grpc-health-4.5.0.jar:/Users/krickert/.m2/repository/io/micronaut/serde/micronaut-serde-jackson/2.10.2/micronaut-serde-jackson-2.10.2.jar:/Users/krickert/.m2/repository/io/micronaut/micronaut-jackson-core/4.5.4/micronaut-jackson-core-4.5.4.jar:/Users/krickert/.m2/repository/com/fasterxml/jackson/core/jackson-core/2.17.2/jackson-core-2.17.2.jar:/Users/krickert/.m2/repository/com/fasterxml/jackson/core/jackson-annotations/2.17.2/jackson-annotations-2.17.2.jar:/Users/krickert/.m2/repository/io/micronaut/serde/micronaut-serde-api/2.10.2/micronaut-serde-api-2.10.2.jar:/Users/krickert/.m2/repository/io/micronaut/serde/micronaut-serde-support/2.10.2/micronaut-serde-support-2.10.2.jar:/Users/krickert/.m2/repository/ch/qos/logback/logback-classic/1.5.3/logback-classic-1.5.3.jar:/Users/krickert/.m2/repository/ch/qos/logback/logback-core/1.5.6/logback-core-1.5.6.jar:/Users/krickert/.m2/repository/org/yaml/snakeyaml/2.2/snakeyaml-2.2.jar:/Users/krickert/.m2/repository/io/micronaut/testresources/micronaut-test-resources-client/2.5.4/micronaut-test-resources-client-2.5.4.jar:/Users/krickert/.m2/repository/io/micronaut/micronaut-json-core/4.5.4/micronaut-json-core-4.5.4.jar:/Users/krickert/.m2/repository/io/micronaut/testresources/micronaut-test-resources-core/2.5.4/micronaut-test-resources-core-2.5.4.jar:/Users/krickert/.m2/repository/org/apache/commons/commons-compress/1.27.0/commons-compress-1.27.0.jar:/Users/krickert/.m2/repository/commons-codec/commons-codec/1.17.1/commons-codec-1.17.1.jar:/Users/krickert/.m2/repository/commons-io/commons-io/2.16.1/commons-io-2.16.1.jar:/Users/krickert/.m2/repository/org/apache/commons/commons-lang3/3.15.0/commons-lang3-3.15.0.jar:/Users/krickert/.m2/repository/com/krickert/search/wikisearch-model/1.0-SNAPSHOT/wikisearch-model-1.0-SNAPSHOT.jar:/Users/krickert/.m2/repository/io/grpc/grpc-stub/1.64.0/grpc-stub-1.64.0.jar:/Users/krickert/.m2/repository/io/grpc/grpc-api/1.64.0/grpc-api-1.64.0.jar:/Users/krickert/.m2/repository/io/grpc/grpc-protobuf/1.64.0/grpc-protobuf-1.64.0.jar:/Users/krickert/.m2/repository/com/google/api/grpc/proto-google-common-protos/2.29.0/proto-google-common-protos-2.29.0.jar:/Users/krickert/.m2/repository/io/grpc/grpc-protobuf-lite/1.64.0/grpc-protobuf-lite-1.64.0.jar:/Users/krickert/.m2/repository/javax/annotation/javax.annotation-api/1.3.2/javax.annotation-api-1.3.2.jar:/Users/krickert/.m2/repository/com/google/protobuf/protobuf-java/3.25.3/protobuf-java-3.25.3.jar:/Users/krickert/.m2/repository/io/micronaut/test/micronaut-test-junit5/4.4.0/micronaut-test-junit5-4.4.0.jar:/Users/krickert/.m2/repository/io/micronaut/test/micronaut-test-core/4.4.0/micronaut-test-core-4.4.0.jar:/Users/krickert/.m2/repository/org/assertj/assertj-core/3.26.3/assertj-core-3.26.3.jar:/Users/krickert/.m2/repository/net/bytebuddy/byte-buddy/1.14.17/byte-buddy-1.14.17.jar:/Users/krickert/.m2/repository/org/awaitility/awaitility/4.2.2/awaitility-4.2.2.jar:/Users/krickert/.m2/repository/org/hamcrest/hamcrest/2.2/hamcrest-2.2.jar:/Users/krickert/.m2/repository/org/junit/jupiter/junit-jupiter-api/5.10.3/junit-jupiter-api-5.10.3.jar:/Users/krickert/.m2/repository/org/opentest4j/opentest4j/1.3.0/opentest4j-1.3.0.jar:/Users/krickert/.m2/repository/org/junit/platform/junit-platform-commons/1.10.3/junit-platform-commons-1.10.3.jar:/Users/krickert/.m2/repository/org/apiguardian/apiguardian-api/1.1.2/apiguardian-api-1.1.2.jar:/Users/krickert/.m2/repository/org/junit/jupiter/junit-jupiter-engine/5.10.3/junit-jupiter-engine-5.10.3.jar:/Users/krickert/.m2/repository/org/junit/platform/junit-platform-engine/1.10.3/junit-platform-engine-1.10.3.jar:/Users/krickert/.m2/repository/org/mockito/mockito-core/5.12.0/mockito-core-5.12.0.jar:/Users/krickert/.m2/repository/net/bytebuddy/byte-buddy-agent/1.14.17/byte-buddy-agent-1.14.17.jar:/Users/krickert/.m2/repository/org/objenesis/objenesis/3.3/objenesis-3.3.jar:/Users/krickert/.m2/repository/org/testcontainers/junit-jupiter/1.19.7/junit-jupiter-1.19.7.jar:/Users/krickert/.m2/repository/org/testcontainers/testcontainers/1.19.7/testcontainers-1.19.7.jar:/Users/krickert/.m2/repository/junit/junit/4.13.2/junit-4.13.2.jar:/Users/krickert/.m2/repository/org/hamcrest/hamcrest-core/1.3/hamcrest-core-1.3.jar:/Users/krickert/.m2/repository/org/rnorth/duct-tape/duct-tape/1.0.8/duct-tape-1.0.8.jar:/Users/krickert/.m2/repository/org/jetbrains/annotations/17.0.0/annotations-17.0.0.jar:/Users/krickert/.m2/repository/com/github/docker-java/docker-java-api/3.3.6/docker-java-api-3.3.6.jar:/Users/krickert/.m2/repository/com/github/docker-java/docker-java-transport-zerodep/3.3.6/docker-java-transport-zerodep-3.3.6.jar:/Users/krickert/.m2/repository/com/github/docker-java/docker-java-transport/3.3.6/docker-java-transport-3.3.6.jar:/Users/krickert/.m2/repository/net/java/dev/jna/jna/5.14.0/jna-5.14.0.jar:/Users/krickert/.m2/repository/org/testcontainers/consul/1.19.7/consul-1.19.7.jar:/Users/krickert/.m2/repository/com/google/protobuf/protobuf-java-util/3.25.3/protobuf-java-util-3.25.3.jar:/Users/krickert/.m2/repository/com/google/code/findbugs/jsr305/3.0.2/jsr305-3.0.2.jar:/Users/krickert/.m2/repository/com/google/code/gson/gson/2.8.9/gson-2.8.9.jar:/Users/krickert/.m2/repository/com/google/errorprone/error_prone_annotations/2.18.0/error_prone_annotations-2.18.0.jar:/Users/krickert/.m2/repository/com/google/guava/guava/33.2.0-jre/guava-33.2.0-jre.jar:/Users/krickert/.m2/repository/com/google/guava/failureaccess/1.0.2/failureaccess-1.0.2.jar:/Users/krickert/.m2/repository/com/google/guava/listenablefuture/9999.0-empty-to-avoid-conflict-with-guava/listenablefuture-9999.0-empty-to-avoid-conflict-with-guava.jar:/Users/krickert/.m2/repository/org/checkerframework/checker-qual/3.42.0/checker-qual-3.42.0.jar:/Users/krickert/.m2/repository/com/google/j2objc/j2objc-annotations/2.8/j2objc-annotations-2.8.jar:/Users/krickert/.m2/repository/com/krickert/search/wikisearch-model-test-resources/1.0-SNAPSHOT/wikisearch-model-test-resources-1.0-SNAPSHOT.jar:/Users/krickert/.m2/repository/io/micronaut/validation/micronaut-validation/4.6.1/micronaut-validation-4.6.1.jar:/Users/krickert/.m2/repository/io/micronaut/micronaut-core-reactive/4.5.4/micronaut-core-reactive-4.5.4.jar:/Users/krickert/.m2/repository/io/micronaut/reactor/micronaut-reactor/3.4.1/micronaut-reactor-3.4.1.jar:/Users/krickert/.m2/repository/jakarta/validation/jakarta.validation-api/3.1.0/jakarta.validation-api-3.1.0.jar:/Users/krickert/.m2/repository/io/micronaut/openapi/micronaut-openapi-annotations/6.11.1/micronaut-openapi-annotations-6.11.1.jar:/Users/krickert/.m2/repository/io/swagger/core/v3/swagger-annotations/2.2.22/swagger-annotations-2.2.22.jar:"/>
    <property name="java.vm.vendor" value="Amazon.com Inc."/>
    <property name="sun.arch.data.model" value="64"/>
    <property name="java.vendor.url" value="https://aws.amazon.com/corretto/"/>
    <property name="user.timezone" value="America/New_York"/>
    <property name="os.name" value="Mac OS X"/>
    <property name="java.vm.specification.version" value="17"/>
    <property name="sun.java.launcher" value="SUN_STANDARD"/>
    <property name="user.country" value="US"/>
    <property name="sun.boot.library.path" value="/Users/krickert/.sdkman/candidates/java/17.0.12-amzn/lib"/>
    <property name="sun.java.command" value="/Users/krickert/IdeaProjects/newrag/chunker/target/surefire/surefirebooter-20240814201453816_3.jar /Users/krickert/IdeaProjects/newrag/chunker/target/surefire 2024-08-14T20-14-53_779-jvmRun1 surefire-20240814201453816_1tmp surefire_0-20240814201453816_2tmp"/>
    <property name="http.nonProxyHosts" value="local|*.local|169.254/16|*.169.254/16"/>
    <property name="jdk.debug" value="release"/>
    <property name="surefire.test.class.path" value="/Users/krickert/IdeaProjects/newrag/chunker/target/test-classes:/Users/krickert/IdeaProjects/newrag/chunker/target/classes:/Users/krickert/.m2/repository/io/micronaut/micronaut-http-client/4.5.4/micronaut-http-client-4.5.4.jar:/Users/krickert/.m2/repository/org/slf4j/slf4j-api/2.0.12/slf4j-api-2.0.12.jar:/Users/krickert/.m2/repository/io/micronaut/micronaut-context/4.5.4/micronaut-context-4.5.4.jar:/Users/krickert/.m2/repository/io/micronaut/micronaut-aop/4.5.4/micronaut-aop-4.5.4.jar:/Users/krickert/.m2/repository/io/micronaut/micronaut-http-client-core/4.5.4/micronaut-http-client-core-4.5.4.jar:/Users/krickert/.m2/repository/io/micronaut/micronaut-http/4.5.4/micronaut-http-4.5.4.jar:/Users/krickert/.m2/repository/io/micronaut/micronaut-context-propagation/4.5.4/micronaut-context-propagation-4.5.4.jar:/Users/krickert/.m2/repository/io/micronaut/micronaut-websocket/4.5.4/micronaut-websocket-4.5.4.jar:/Users/krickert/.m2/repository/io/micronaut/micronaut-http-netty/4.5.4/micronaut-http-netty-4.5.4.jar:/Users/krickert/.m2/repository/io/micronaut/micronaut-buffer-netty/4.5.4/micronaut-buffer-netty-4.5.4.jar:/Users/krickert/.m2/repository/io/netty/netty-codec-http2/4.1.111.Final/netty-codec-http2-4.1.111.Final.jar:/Users/krickert/.m2/repository/io/netty/netty-handler/4.1.111.Final/netty-handler-4.1.111.Final.jar:/Users/krickert/.m2/repository/io/netty/netty-resolver/4.1.111.Final/netty-resolver-4.1.111.Final.jar:/Users/krickert/.m2/repository/io/netty/netty-transport-native-unix-common/4.1.111.Final/netty-transport-native-unix-common-4.1.111.Final.jar:/Users/krickert/.m2/repository/io/netty/netty-handler-proxy/4.1.111.Final/netty-handler-proxy-4.1.111.Final.jar:/Users/krickert/.m2/repository/io/netty/netty-common/4.1.111.Final/netty-common-4.1.111.Final.jar:/Users/krickert/.m2/repository/io/netty/netty-buffer/4.1.111.Final/netty-buffer-4.1.111.Final.jar:/Users/krickert/.m2/repository/io/netty/netty-transport/4.1.111.Final/netty-transport-4.1.111.Final.jar:/Users/krickert/.m2/repository/io/netty/netty-codec/4.1.111.Final/netty-codec-4.1.111.Final.jar:/Users/krickert/.m2/repository/io/netty/netty-codec-socks/4.1.111.Final/netty-codec-socks-4.1.111.Final.jar:/Users/krickert/.m2/repository/io/projectreactor/reactor-core/3.5.11/reactor-core-3.5.11.jar:/Users/krickert/.m2/repository/org/reactivestreams/reactive-streams/1.0.4/reactive-streams-1.0.4.jar:/Users/krickert/.m2/repository/io/micronaut/micronaut-http-server-netty/4.5.4/micronaut-http-server-netty-4.5.4.jar:/Users/krickert/.m2/repository/io/micronaut/micronaut-http-server/4.5.4/micronaut-http-server-4.5.4.jar:/Users/krickert/.m2/repository/io/micronaut/micronaut-core/4.5.4/micronaut-core-4.5.4.jar:/Users/krickert/.m2/repository/io/netty/netty-codec-http/4.1.111.Final/netty-codec-http-4.1.111.Final.jar:/Users/krickert/.m2/repository/io/micronaut/micronaut-management/4.5.4/micronaut-management-4.5.4.jar:/Users/krickert/.m2/repository/io/micronaut/micronaut-router/4.5.4/micronaut-router-4.5.4.jar:/Users/krickert/.m2/repository/io/micronaut/micronaut-discovery-core/4.5.4/micronaut-discovery-core-4.5.4.jar:/Users/krickert/.m2/repository/io/micronaut/grpc/micronaut-grpc-runtime/4.5.0/micronaut-grpc-runtime-4.5.0.jar:/Users/krickert/.m2/repository/io/micronaut/micronaut-inject/4.5.4/micronaut-inject-4.5.4.jar:/Users/krickert/.m2/repository/jakarta/inject/jakarta.inject-api/2.0.1/jakarta.inject-api-2.0.1.jar:/Users/krickert/.m2/repository/jakarta/annotation/jakarta.annotation-api/2.1.1/jakarta.annotation-api-2.1.1.jar:/Users/krickert/.m2/repository/io/micronaut/grpc/micronaut-grpc-client-runtime/4.5.0/micronaut-grpc-client-runtime-4.5.0.jar:/Users/krickert/.m2/repository/io/micronaut/grpc/micronaut-grpc-annotation/4.5.0/micronaut-grpc-annotation-4.5.0.jar:/Users/krickert/.m2/repository/io/micronaut/grpc/micronaut-grpc-opentracing/4.5.0/micronaut-grpc-opentracing-4.5.0.jar:/Users/krickert/.m2/repository/io/grpc/grpc-core/1.64.0/grpc-core-1.64.0.jar:/Users/krickert/.m2/repository/com/google/android/annotations/4.1.1.4/annotations-4.1.1.4.jar:/Users/krickert/.m2/repository/org/codehaus/mojo/animal-sniffer-annotations/1.23/animal-sniffer-annotations-1.23.jar:/Users/krickert/.m2/repository/io/perfmark/perfmark-api/0.26.0/perfmark-api-0.26.0.jar:/Users/krickert/.m2/repository/io/grpc/grpc-context/1.64.0/grpc-context-1.64.0.jar:/Users/krickert/.m2/repository/io/grpc/grpc-netty/1.64.0/grpc-netty-1.64.0.jar:/Users/krickert/.m2/repository/io/grpc/grpc-util/1.64.0/grpc-util-1.64.0.jar:/Users/krickert/.m2/repository/io/micronaut/grpc/micronaut-grpc-server-runtime/4.5.0/micronaut-grpc-server-runtime-4.5.0.jar:/Users/krickert/.m2/repository/io/micronaut/grpc/micronaut-grpc-health/4.5.0/micronaut-grpc-health-4.5.0.jar:/Users/krickert/.m2/repository/io/micronaut/serde/micronaut-serde-jackson/2.10.2/micronaut-serde-jackson-2.10.2.jar:/Users/krickert/.m2/repository/io/micronaut/micronaut-jackson-core/4.5.4/micronaut-jackson-core-4.5.4.jar:/Users/krickert/.m2/repository/com/fasterxml/jackson/core/jackson-core/2.17.2/jackson-core-2.17.2.jar:/Users/krickert/.m2/repository/com/fasterxml/jackson/core/jackson-annotations/2.17.2/jackson-annotations-2.17.2.jar:/Users/krickert/.m2/repository/io/micronaut/serde/micronaut-serde-api/2.10.2/micronaut-serde-api-2.10.2.jar:/Users/krickert/.m2/repository/io/micronaut/serde/micronaut-serde-support/2.10.2/micronaut-serde-support-2.10.2.jar:/Users/krickert/.m2/repository/ch/qos/logback/logback-classic/1.5.3/logback-classic-1.5.3.jar:/Users/krickert/.m2/repository/ch/qos/logback/logback-core/1.5.6/logback-core-1.5.6.jar:/Users/krickert/.m2/repository/org/yaml/snakeyaml/2.2/snakeyaml-2.2.jar:/Users/krickert/.m2/repository/io/micronaut/testresources/micronaut-test-resources-client/2.5.4/micronaut-test-resources-client-2.5.4.jar:/Users/krickert/.m2/repository/io/micronaut/micronaut-json-core/4.5.4/micronaut-json-core-4.5.4.jar:/Users/krickert/.m2/repository/io/micronaut/testresources/micronaut-test-resources-core/2.5.4/micronaut-test-resources-core-2.5.4.jar:/Users/krickert/.m2/repository/org/apache/commons/commons-compress/1.27.0/commons-compress-1.27.0.jar:/Users/krickert/.m2/repository/commons-codec/commons-codec/1.17.1/commons-codec-1.17.1.jar:/Users/krickert/.m2/repository/commons-io/commons-io/2.16.1/commons-io-2.16.1.jar:/Users/krickert/.m2/repository/org/apache/commons/commons-lang3/3.15.0/commons-lang3-3.15.0.jar:/Users/krickert/.m2/repository/com/krickert/search/wikisearch-model/1.0-SNAPSHOT/wikisearch-model-1.0-SNAPSHOT.jar:/Users/krickert/.m2/repository/io/grpc/grpc-stub/1.64.0/grpc-stub-1.64.0.jar:/Users/krickert/.m2/repository/io/grpc/grpc-api/1.64.0/grpc-api-1.64.0.jar:/Users/krickert/.m2/repository/io/grpc/grpc-protobuf/1.64.0/grpc-protobuf-1.64.0.jar:/Users/krickert/.m2/repository/com/google/api/grpc/proto-google-common-protos/2.29.0/proto-google-common-protos-2.29.0.jar:/Users/krickert/.m2/repository/io/grpc/grpc-protobuf-lite/1.64.0/grpc-protobuf-lite-1.64.0.jar:/Users/krickert/.m2/repository/javax/annotation/javax.annotation-api/1.3.2/javax.annotation-api-1.3.2.jar:/Users/krickert/.m2/repository/com/google/protobuf/protobuf-java/3.25.3/protobuf-java-3.25.3.jar:/Users/krickert/.m2/repository/io/micronaut/test/micronaut-test-junit5/4.4.0/micronaut-test-junit5-4.4.0.jar:/Users/krickert/.m2/repository/io/micronaut/test/micronaut-test-core/4.4.0/micronaut-test-core-4.4.0.jar:/Users/krickert/.m2/repository/org/assertj/assertj-core/3.26.3/assertj-core-3.26.3.jar:/Users/krickert/.m2/repository/net/bytebuddy/byte-buddy/1.14.17/byte-buddy-1.14.17.jar:/Users/krickert/.m2/repository/org/awaitility/awaitility/4.2.2/awaitility-4.2.2.jar:/Users/krickert/.m2/repository/org/hamcrest/hamcrest/2.2/hamcrest-2.2.jar:/Users/krickert/.m2/repository/org/junit/jupiter/junit-jupiter-api/5.10.3/junit-jupiter-api-5.10.3.jar:/Users/krickert/.m2/repository/org/opentest4j/opentest4j/1.3.0/opentest4j-1.3.0.jar:/Users/krickert/.m2/repository/org/junit/platform/junit-platform-commons/1.10.3/junit-platform-commons-1.10.3.jar:/Users/krickert/.m2/repository/org/apiguardian/apiguardian-api/1.1.2/apiguardian-api-1.1.2.jar:/Users/krickert/.m2/repository/org/junit/jupiter/junit-jupiter-engine/5.10.3/junit-jupiter-engine-5.10.3.jar:/Users/krickert/.m2/repository/org/junit/platform/junit-platform-engine/1.10.3/junit-platform-engine-1.10.3.jar:/Users/krickert/.m2/repository/org/mockito/mockito-core/5.12.0/mockito-core-5.12.0.jar:/Users/krickert/.m2/repository/net/bytebuddy/byte-buddy-agent/1.14.17/byte-buddy-agent-1.14.17.jar:/Users/krickert/.m2/repository/org/objenesis/objenesis/3.3/objenesis-3.3.jar:/Users/krickert/.m2/repository/org/testcontainers/junit-jupiter/1.19.7/junit-jupiter-1.19.7.jar:/Users/krickert/.m2/repository/org/testcontainers/testcontainers/1.19.7/testcontainers-1.19.7.jar:/Users/krickert/.m2/repository/junit/junit/4.13.2/junit-4.13.2.jar:/Users/krickert/.m2/repository/org/hamcrest/hamcrest-core/1.3/hamcrest-core-1.3.jar:/Users/krickert/.m2/repository/org/rnorth/duct-tape/duct-tape/1.0.8/duct-tape-1.0.8.jar:/Users/krickert/.m2/repository/org/jetbrains/annotations/17.0.0/annotations-17.0.0.jar:/Users/krickert/.m2/repository/com/github/docker-java/docker-java-api/3.3.6/docker-java-api-3.3.6.jar:/Users/krickert/.m2/repository/com/github/docker-java/docker-java-transport-zerodep/3.3.6/docker-java-transport-zerodep-3.3.6.jar:/Users/krickert/.m2/repository/com/github/docker-java/docker-java-transport/3.3.6/docker-java-transport-3.3.6.jar:/Users/krickert/.m2/repository/net/java/dev/jna/jna/5.14.0/jna-5.14.0.jar:/Users/krickert/.m2/repository/org/testcontainers/consul/1.19.7/consul-1.19.7.jar:/Users/krickert/.m2/repository/com/google/protobuf/protobuf-java-util/3.25.3/protobuf-java-util-3.25.3.jar:/Users/krickert/.m2/repository/com/google/code/findbugs/jsr305/3.0.2/jsr305-3.0.2.jar:/Users/krickert/.m2/repository/com/google/code/gson/gson/2.8.9/gson-2.8.9.jar:/Users/krickert/.m2/repository/com/google/errorprone/error_prone_annotations/2.18.0/error_prone_annotations-2.18.0.jar:/Users/krickert/.m2/repository/com/google/guava/guava/33.2.0-jre/guava-33.2.0-jre.jar:/Users/krickert/.m2/repository/com/google/guava/failureaccess/1.0.2/failureaccess-1.0.2.jar:/Users/krickert/.m2/repository/com/google/guava/listenablefuture/9999.0-empty-to-avoid-conflict-with-guava/listenablefuture-9999.0-empty-to-avoid-conflict-with-guava.jar:/Users/krickert/.m2/repository/org/checkerframework/checker-qual/3.42.0/checker-qual-3.42.0.jar:/Users/krickert/.m2/repository/com/google/j2objc/j2objc-annotations/2.8/j2objc-annotations-2.8.jar:/Users/krickert/.m2/repository/com/krickert/search/wikisearch-model-test-resources/1.0-SNAPSHOT/wikisearch-model-test-resources-1.0-SNAPSHOT.jar:/Users/krickert/.m2/repository/io/micronaut/validation/micronaut-validation/4.6.1/micronaut-validation-4.6.1.jar:/Users/krickert/.m2/repository/io/micronaut/micronaut-core-reactive/4.5.4/micronaut-core-reactive-4.5.4.jar:/Users/krickert/.m2/repository/io/micronaut/reactor/micronaut-reactor/3.4.1/micronaut-reactor-3.4.1.jar:/Users/krickert/.m2/repository/jakarta/validation/jakarta.validation-api/3.1.0/jakarta.validation-api-3.1.0.jar:/Users/krickert/.m2/repository/io/micronaut/openapi/micronaut-openapi-annotations/6.11.1/micronaut-openapi-annotations-6.11.1.jar:/Users/krickert/.m2/repository/io/swagger/core/v3/swagger-annotations/2.2.22/swagger-annotations-2.2.22.jar:"/>
    <property name="sun.cpu.endian" value="little"/>
    <property name="user.home" value="/Users/krickert"/>
    <property name="user.language" value="en"/>
    <property name="java.specification.vendor" value="Oracle Corporation"/>
    <property name="io.netty.allocator.maxOrder" value="3"/>
    <property name="java.version.date" value="2024-07-16"/>
    <property name="java.home" value="/Users/krickert/.sdkman/candidates/java/17.0.12-amzn"/>
    <property name="file.separator" value="/"/>
    <property name="basedir" value="/Users/krickert/IdeaProjects/newrag/chunker"/>
    <property name="java.vm.compressedOopsMode" value="Zero based"/>
    <property name="line.separator" value="&#10;"/>
    <property name="java.vm.specification.vendor" value="Oracle Corporation"/>
    <property name="java.specification.name" value="Java Platform API Specification"/>
    <property name="surefire.real.class.path" value="/Users/krickert/IdeaProjects/newrag/chunker/target/surefire/surefirebooter-20240814201453816_3.jar"/>
    <property name="sun.management.compiler" value="HotSpot 64-Bit Tiered Compilers"/>
    <property name="ftp.nonProxyHosts" value="local|*.local|169.254/16|*.169.254/16"/>
    <property name="java.runtime.version" value="17.0.12+7-LTS"/>
    <property name="user.name" value="krickert"/>
    <property name="path.separator" value=":"/>
    <property name="os.version" value="14.6.1"/>
    <property name="java.runtime.name" value="OpenJDK Runtime Environment"/>
    <property name="file.encoding" value="UTF-8"/>
    <property name="java.vm.name" value="OpenJDK 64-Bit Server VM"/>
    <property name="java.vendor.version" value="Corretto-17.0.12.7.1"/>
    <property name="localRepository" value="/Users/krickert/.m2/repository"/>
    <property name="micronaut.classloader.logging" value="true"/>
    <property name="java.vendor.url.bug" value="https://github.com/corretto/corretto-17/issues/"/>
    <property name="java.io.tmpdir" value="/var/folders/qn/2bsy8npd56x082_tn9_4bb440000gp/T/"/>
    <property name="java.version" value="17.0.12"/>
    <property name="user.dir" value="/Users/krickert/IdeaProjects/newrag/chunker"/>
    <property name="os.arch" value="aarch64"/>
    <property name="java.vm.specification.name" value="Java Virtual Machine Specification"/>
    <property name="native.encoding" value="UTF-8"/>
    <property name="java.library.path" value="/Users/krickert/Library/Java/Extensions:/Library/Java/Extensions:/Network/Library/Java/Extensions:/System/Library/Java/Extensions:/usr/lib/java:."/>
    <property name="java.vm.info" value="mixed mode, sharing"/>
    <property name="java.vendor" value="Amazon.com Inc."/>
    <property name="java.vm.version" value="17.0.12+7-LTS"/>
    <property name="sun.io.unicode.encoding" value="UnicodeBig"/>
    <property name="socksNonProxyHosts" value="local|*.local|169.254/16|*.169.254/16"/>
    <property name="java.class.version" value="61.0"/>
  </properties>
  <testcase name="testChunkServerEndpoint" classname="com.krickert.search.chunker.grpc.GrpcChunkerServiceTest" time="0.673">
    <system-out><![CDATA[&amp#27;[36m20:14:54.291&amp#27;[0;39m &amp#27;[1;30m[main]&amp#27;[0;39m &amp#27;[34mINFO &amp#27;[0;39m &amp#27;[35mi.m.c.DefaultApplicationContext$RuntimeConfiguredEnvironment&amp#27;[0;39m - Established active environments: [test]
&amp#27;[36m20:14:54.414&amp#27;[0;39m &amp#27;[1;30m[main]&amp#27;[0;39m &amp#27;[34mINFO &amp#27;[0;39m &amp#27;[35mi.m.s.ObjectMappers$ObjectMapperContext$1&amp#27;[0;39m - Established active environments: [test]
&amp#27;[36m20:14:54.792&amp#27;[0;39m &amp#27;[1;30m[main]&amp#27;[0;39m &amp#27;[34mINFO &amp#27;[0;39m &amp#27;[35mi.m.g.s.GrpcEmbeddedServerListener&amp#27;[0;39m - GRPC started on port 45296
]]></system-out>
  </testcase>
  <testcase name="testChunkAsyncEndpoint" classname="com.krickert.search.chunker.grpc.GrpcChunkerServiceTest" time="0.353">
    <system-out><![CDATA[&amp#27;[36m20:14:55.474&amp#27;[0;39m &amp#27;[1;30m[io-executor-thread-11]&amp#27;[0;39m &amp#27;[34mINFO &amp#27;[0;39m &amp#27;[35mc.k.s.c.grpc.GrpcChunkerServiceTest&amp#27;[0;39m - Received the 1 document with 16 chunks
&amp#27;[36m20:14:55.474&amp#27;[0;39m &amp#27;[1;30m[io-executor-thread-10]&amp#27;[0;39m &amp#27;[34mINFO &amp#27;[0;39m &amp#27;[35mc.k.s.c.grpc.GrpcChunkerServiceTest&amp#27;[0;39m - Received the 2 document with 34 chunks
&amp#27;[36m20:14:55.474&amp#27;[0;39m &amp#27;[1;30m[io-executor-thread-2]&amp#27;[0;39m &amp#27;[34mINFO &amp#27;[0;39m &amp#27;[35mc.k.s.c.grpc.GrpcChunkerServiceTest&amp#27;[0;39m - Received the 4 document with 44 chunks
&amp#27;[36m20:14:55.475&amp#27;[0;39m &amp#27;[1;30m[io-executor-thread-3]&amp#27;[0;39m &amp#27;[34mINFO &amp#27;[0;39m &amp#27;[35mc.k.s.c.grpc.GrpcChunkerServiceTest&amp#27;[0;39m - Received the 5 document with 139 chunks
&amp#27;[36m20:14:55.475&amp#27;[0;39m &amp#27;[1;30m[io-executor-thread-6]&amp#27;[0;39m &amp#27;[34mINFO &amp#27;[0;39m &amp#27;[35mc.k.s.c.grpc.GrpcChunkerServiceTest&amp#27;[0;39m - Received the 7 document with 1 chunks
&amp#27;[36m20:14:55.475&amp#27;[0;39m &amp#27;[1;30m[io-executor-thread-2]&amp#27;[0;39m &amp#27;[34mINFO &amp#27;[0;39m &amp#27;[35mc.k.s.c.grpc.GrpcChunkerServiceTest&amp#27;[0;39m - Received the 8 document with 8 chunks
&amp#27;[36m20:14:55.475&amp#27;[0;39m &amp#27;[1;30m[io-executor-thread-8]&amp#27;[0;39m &amp#27;[34mINFO &amp#27;[0;39m &amp#27;[35mc.k.s.c.grpc.GrpcChunkerServiceTest&amp#27;[0;39m - Received the 9 document with 12 chunks
&amp#27;[36m20:14:55.475&amp#27;[0;39m &amp#27;[1;30m[io-executor-thread-4]&amp#27;[0;39m &amp#27;[34mINFO &amp#27;[0;39m &amp#27;[35mc.k.s.c.grpc.GrpcChunkerServiceTest&amp#27;[0;39m - Received the 10 document with 20 chunks
&amp#27;[36m20:14:55.474&amp#27;[0;39m &amp#27;[1;30m[io-executor-thread-7]&amp#27;[0;39m &amp#27;[34mINFO &amp#27;[0;39m &amp#27;[35mc.k.s.c.grpc.GrpcChunkerServiceTest&amp#27;[0;39m - Received the 3 document with 135 chunks
&amp#27;[36m20:14:55.475&amp#27;[0;39m &amp#27;[1;30m[io-executor-thread-9]&amp#27;[0;39m &amp#27;[34mINFO &amp#27;[0;39m &amp#27;[35mc.k.s.c.grpc.GrpcChunkerServiceTest&amp#27;[0;39m - Received the 6 document with 16 chunks
&amp#27;[36m20:14:55.477&amp#27;[0;39m &amp#27;[1;30m[io-executor-thread-10]&amp#27;[0;39m &amp#27;[34mINFO &amp#27;[0;39m &amp#27;[35mc.k.s.c.grpc.GrpcChunkerServiceTest&amp#27;[0;39m - Received the 12 document with 21 chunks
&amp#27;[36m20:14:55.477&amp#27;[0;39m &amp#27;[1;30m[io-executor-thread-8]&amp#27;[0;39m &amp#27;[34mINFO &amp#27;[0;39m &amp#27;[35mc.k.s.c.grpc.GrpcChunkerServiceTest&amp#27;[0;39m - Received the 13 document with 1 chunks
&amp#27;[36m20:14:55.477&amp#27;[0;39m &amp#27;[1;30m[io-executor-thread-11]&amp#27;[0;39m &amp#27;[34mINFO &amp#27;[0;39m &amp#27;[35mc.k.s.c.grpc.GrpcChunkerServiceTest&amp#27;[0;39m - Received the 14 document with 238 chunks
&amp#27;[36m20:14:55.477&amp#27;[0;39m &amp#27;[1;30m[io-executor-thread-14]&amp#27;[0;39m &amp#27;[34mINFO &amp#27;[0;39m &amp#27;[35mc.k.s.c.grpc.GrpcChunkerServiceTest&amp#27;[0;39m - Received the 11 document with 38 chunks
&amp#27;[36m20:14:55.477&amp#27;[0;39m &amp#27;[1;30m[io-executor-thread-11]&amp#27;[0;39m &amp#27;[34mINFO &amp#27;[0;39m &amp#27;[35mc.k.s.c.grpc.GrpcChunkerServiceTest&amp#27;[0;39m - Received the 15 document with 16 chunks
&amp#27;[36m20:14:55.477&amp#27;[0;39m &amp#27;[1;30m[io-executor-thread-7]&amp#27;[0;39m &amp#27;[34mINFO &amp#27;[0;39m &amp#27;[35mc.k.s.c.grpc.GrpcChunkerServiceTest&amp#27;[0;39m - Received the 19 document with 1 chunks
&amp#27;[36m20:14:55.477&amp#27;[0;39m &amp#27;[1;30m[io-executor-thread-14]&amp#27;[0;39m &amp#27;[34mINFO &amp#27;[0;39m &amp#27;[35mc.k.s.c.grpc.GrpcChunkerServiceTest&amp#27;[0;39m - Received the 16 document with 129 chunks
&amp#27;[36m20:14:55.477&amp#27;[0;39m &amp#27;[1;30m[io-executor-thread-13]&amp#27;[0;39m &amp#27;[34mINFO &amp#27;[0;39m &amp#27;[35mc.k.s.c.grpc.GrpcChunkerServiceTest&amp#27;[0;39m - Received the 17 document with 1 chunks
&amp#27;[36m20:14:55.477&amp#27;[0;39m &amp#27;[1;30m[io-executor-thread-8]&amp#27;[0;39m &amp#27;[34mINFO &amp#27;[0;39m &amp#27;[35mc.k.s.c.grpc.GrpcChunkerServiceTest&amp#27;[0;39m - Received the 18 document with 1 chunks
&amp#27;[36m20:14:55.478&amp#27;[0;39m &amp#27;[1;30m[main]&amp#27;[0;39m &amp#27;[34mINFO &amp#27;[0;39m &amp#27;[35mc.k.s.c.grpc.GrpcChunkerServiceTest&amp#27;[0;39m - Expecting 2 bodies to be empty.  This is the 1 one
&amp#27;[36m20:14:55.478&amp#27;[0;39m &amp#27;[1;30m[io-executor-thread-1]&amp#27;[0;39m &amp#27;[34mINFO &amp#27;[0;39m &amp#27;[35mc.k.s.c.grpc.GrpcChunkerServiceTest&amp#27;[0;39m - Received the 20 document with 1 chunks
&amp#27;[36m20:14:55.478&amp#27;[0;39m &amp#27;[1;30m[io-executor-thread-9]&amp#27;[0;39m &amp#27;[34mINFO &amp#27;[0;39m &amp#27;[35mc.k.s.c.grpc.GrpcChunkerServiceTest&amp#27;[0;39m - Received the 21 document with 1 chunks
&amp#27;[36m20:14:55.479&amp#27;[0;39m &amp#27;[1;30m[io-executor-thread-1]&amp#27;[0;39m &amp#27;[34mINFO &amp#27;[0;39m &amp#27;[35mc.k.s.c.grpc.GrpcChunkerServiceTest&amp#27;[0;39m - Received the 22 document with 29 chunks
&amp#27;[36m20:14:55.479&amp#27;[0;39m &amp#27;[1;30m[io-executor-thread-13]&amp#27;[0;39m &amp#27;[34mINFO &amp#27;[0;39m &amp#27;[35mc.k.s.c.grpc.GrpcChunkerServiceTest&amp#27;[0;39m - Received the 25 document with 10 chunks
&amp#27;[36m20:14:55.479&amp#27;[0;39m &amp#27;[1;30m[io-executor-thread-11]&amp#27;[0;39m &amp#27;[34mINFO &amp#27;[0;39m &amp#27;[35mc.k.s.c.grpc.GrpcChunkerServiceTest&amp#27;[0;39m - Received the 27 document with 1 chunks
&amp#27;[36m20:14:55.479&amp#27;[0;39m &amp#27;[1;30m[io-executor-thread-7]&amp#27;[0;39m &amp#27;[34mINFO &amp#27;[0;39m &amp#27;[35mc.k.s.c.grpc.GrpcChunkerServiceTest&amp#27;[0;39m - Received the 30 document with 40 chunks
&amp#27;[36m20:14:55.479&amp#27;[0;39m &amp#27;[1;30m[io-executor-thread-14]&amp#27;[0;39m &amp#27;[34mINFO &amp#27;[0;39m &amp#27;[35mc.k.s.c.grpc.GrpcChunkerServiceTest&amp#27;[0;39m - Received the 24 document with 83 chunks
&amp#27;[36m20:14:55.479&amp#27;[0;39m &amp#27;[1;30m[io-executor-thread-9]&amp#27;[0;39m &amp#27;[34mINFO &amp#27;[0;39m &amp#27;[35mc.k.s.c.grpc.GrpcChunkerServiceTest&amp#27;[0;39m - Received the 23 document with 16 chunks
&amp#27;[36m20:14:55.479&amp#27;[0;39m &amp#27;[1;30m[io-executor-thread-8]&amp#27;[0;39m &amp#27;[34mINFO &amp#27;[0;39m &amp#27;[35mc.k.s.c.grpc.GrpcChunkerServiceTest&amp#27;[0;39m - Received the 26 document with 8 chunks
&amp#27;[36m20:14:55.479&amp#27;[0;39m &amp#27;[1;30m[io-executor-thread-4]&amp#27;[0;39m &amp#27;[34mINFO &amp#27;[0;39m &amp#27;[35mc.k.s.c.grpc.GrpcChunkerServiceTest&amp#27;[0;39m - Received the 28 document with 121 chunks
&amp#27;[36m20:14:55.479&amp#27;[0;39m &amp#27;[1;30m[io-executor-thread-6]&amp#27;[0;39m &amp#27;[34mINFO &amp#27;[0;39m &amp#27;[35mc.k.s.c.grpc.GrpcChunkerServiceTest&amp#27;[0;39m - Received the 29 document with 10 chunks
&amp#27;[36m20:14:55.484&amp#27;[0;39m &amp#27;[1;30m[main]&amp#27;[0;39m &amp#27;[34mINFO &amp#27;[0;39m &amp#27;[35mc.k.s.c.grpc.GrpcChunkerServiceTest&amp#27;[0;39m - Expecting 2 bodies to be empty.  This is the 2 one
&amp#27;[36m20:14:55.493&amp#27;[0;39m &amp#27;[1;30m[main]&amp#27;[0;39m &amp#27;[34mINFO &amp#27;[0;39m &amp#27;[35mc.k.s.c.grpc.GrpcChunkerServiceTest&amp#27;[0;39m - waiting up to 15 seconds for at least 1 document to be added..
&amp#27;[36m20:14:55.497&amp#27;[0;39m &amp#27;[1;30m[io-executor-thread-9]&amp#27;[0;39m &amp#27;[34mINFO &amp#27;[0;39m &amp#27;[35mc.k.s.c.grpc.GrpcChunkerServiceTest&amp#27;[0;39m - Received the 31 document with 1 chunks
&amp#27;[36m20:14:55.497&amp#27;[0;39m &amp#27;[1;30m[io-executor-thread-13]&amp#27;[0;39m &amp#27;[34mINFO &amp#27;[0;39m &amp#27;[35mc.k.s.c.grpc.GrpcChunkerServiceTest&amp#27;[0;39m - Received the 35 document with 9 chunks
&amp#27;[36m20:14:55.497&amp#27;[0;39m &amp#27;[1;30m[io-executor-thread-19]&amp#27;[0;39m &amp#27;[34mINFO &amp#27;[0;39m &amp#27;[35mc.k.s.c.grpc.GrpcChunkerServiceTest&amp#27;[0;39m - Received the 36 document with 3 chunks
&amp#27;[36m20:14:55.497&amp#27;[0;39m &amp#27;[1;30m[io-executor-thread-7]&amp#27;[0;39m &amp#27;[34mINFO &amp#27;[0;39m &amp#27;[35mc.k.s.c.grpc.GrpcChunkerServiceTest&amp#27;[0;39m - Received the 39 document with 1 chunks
&amp#27;[36m20:14:55.497&amp#27;[0;39m &amp#27;[1;30m[io-executor-thread-8]&amp#27;[0;39m &amp#27;[34mINFO &amp#27;[0;39m &amp#27;[35mc.k.s.c.grpc.GrpcChunkerServiceTest&amp#27;[0;39m - Received the 32 document with 28 chunks
&amp#27;[36m20:14:55.497&amp#27;[0;39m &amp#27;[1;30m[io-executor-thread-14]&amp#27;[0;39m &amp#27;[34mINFO &amp#27;[0;39m &amp#27;[35mc.k.s.c.grpc.GrpcChunkerServiceTest&amp#27;[0;39m - Received the 33 document with 38 chunks
&amp#27;[36m20:14:55.497&amp#27;[0;39m &amp#27;[1;30m[io-executor-thread-3]&amp#27;[0;39m &amp#27;[34mINFO &amp#27;[0;39m &amp#27;[35mc.k.s.c.grpc.GrpcChunkerServiceTest&amp#27;[0;39m - Received the 34 document with 1 chunks
&amp#27;[36m20:14:55.497&amp#27;[0;39m &amp#27;[1;30m[io-executor-thread-14]&amp#27;[0;39m &amp#27;[34mINFO &amp#27;[0;39m &amp#27;[35mc.k.s.c.grpc.GrpcChunkerServiceTest&amp#27;[0;39m - Received the 42 document with 1 chunks
&amp#27;[36m20:14:55.497&amp#27;[0;39m &amp#27;[1;30m[io-executor-thread-6]&amp#27;[0;39m &amp#27;[34mINFO &amp#27;[0;39m &amp#27;[35mc.k.s.c.grpc.GrpcChunkerServiceTest&amp#27;[0;39m - Received the 43 document with 1524 chunks
&amp#27;[36m20:14:55.497&amp#27;[0;39m &amp#27;[1;30m[io-executor-thread-2]&amp#27;[0;39m &amp#27;[34mINFO &amp#27;[0;39m &amp#27;[35mc.k.s.c.grpc.GrpcChunkerServiceTest&amp#27;[0;39m - Received the 38 document with 1 chunks
&amp#27;[36m20:14:55.497&amp#27;[0;39m &amp#27;[1;30m[io-executor-thread-15]&amp#27;[0;39m &amp#27;[34mINFO &amp#27;[0;39m &amp#27;[35mc.k.s.c.grpc.GrpcChunkerServiceTest&amp#27;[0;39m - Received the 37 document with 1 chunks
&amp#27;[36m20:14:55.497&amp#27;[0;39m &amp#27;[1;30m[io-executor-thread-23]&amp#27;[0;39m &amp#27;[34mINFO &amp#27;[0;39m &amp#27;[35mc.k.s.c.grpc.GrpcChunkerServiceTest&amp#27;[0;39m - Received the 40 document with 16 chunks
&amp#27;[36m20:14:55.497&amp#27;[0;39m &amp#27;[1;30m[io-executor-thread-8]&amp#27;[0;39m &amp#27;[34mINFO &amp#27;[0;39m &amp#27;[35mc.k.s.c.grpc.GrpcChunkerServiceTest&amp#27;[0;39m - Received the 41 document with 1 chunks
&amp#27;[36m20:14:55.498&amp#27;[0;39m &amp#27;[1;30m[io-executor-thread-7]&amp#27;[0;39m &amp#27;[34mINFO &amp#27;[0;39m &amp#27;[35mc.k.s.c.grpc.GrpcChunkerServiceTest&amp#27;[0;39m - Received the 44 document with 1235 chunks
&amp#27;[36m20:14:55.531&amp#27;[0;39m &amp#27;[1;30m[io-executor-thread-2]&amp#27;[0;39m &amp#27;[34mINFO &amp#27;[0;39m &amp#27;[35mc.k.s.c.grpc.GrpcChunkerServiceTest&amp#27;[0;39m - Received the 47 document with 18 chunks
&amp#27;[36m20:14:55.531&amp#27;[0;39m &amp#27;[1;30m[io-executor-thread-13]&amp#27;[0;39m &amp#27;[34mINFO &amp#27;[0;39m &amp#27;[35mc.k.s.c.grpc.GrpcChunkerServiceTest&amp#27;[0;39m - Received the 51 document with 69 chunks
&amp#27;[36m20:14:55.531&amp#27;[0;39m &amp#27;[1;30m[io-executor-thread-19]&amp#27;[0;39m &amp#27;[34mINFO &amp#27;[0;39m &amp#27;[35mc.k.s.c.grpc.GrpcChunkerServiceTest&amp#27;[0;39m - Received the 54 document with 99 chunks
&amp#27;[36m20:14:55.531&amp#27;[0;39m &amp#27;[1;30m[io-executor-thread-20]&amp#27;[0;39m &amp#27;[34mINFO &amp#27;[0;39m &amp#27;[35mc.k.s.c.grpc.GrpcChunkerServiceTest&amp#27;[0;39m - Received the 53 document with 22 chunks
&amp#27;[36m20:14:55.531&amp#27;[0;39m &amp#27;[1;30m[io-executor-thread-25]&amp#27;[0;39m &amp#27;[34mINFO &amp#27;[0;39m &amp#27;[35mc.k.s.c.grpc.GrpcChunkerServiceTest&amp#27;[0;39m - Received the 55 document with 8 chunks
&amp#27;[36m20:14:55.531&amp#27;[0;39m &amp#27;[1;30m[io-executor-thread-24]&amp#27;[0;39m &amp#27;[34mINFO &amp#27;[0;39m &amp#27;[35mc.k.s.c.grpc.GrpcChunkerServiceTest&amp#27;[0;39m - Received the 58 document with 142 chunks
&amp#27;[36m20:14:55.531&amp#27;[0;39m &amp#27;[1;30m[io-executor-thread-21]&amp#27;[0;39m &amp#27;[34mINFO &amp#27;[0;39m &amp#27;[35mc.k.s.c.grpc.GrpcChunkerServiceTest&amp#27;[0;39m - Received the 60 document with 37 chunks
&amp#27;[36m20:14:55.531&amp#27;[0;39m &amp#27;[1;30m[io-executor-thread-3]&amp#27;[0;39m &amp#27;[34mINFO &amp#27;[0;39m &amp#27;[35mc.k.s.c.grpc.GrpcChunkerServiceTest&amp#27;[0;39m - Received the 46 document with 15 chunks
&amp#27;[36m20:14:55.531&amp#27;[0;39m &amp#27;[1;30m[io-executor-thread-8]&amp#27;[0;39m &amp#27;[34mINFO &amp#27;[0;39m &amp#27;[35mc.k.s.c.grpc.GrpcChunkerServiceTest&amp#27;[0;39m - Received the 61 document with 11 chunks
&amp#27;[36m20:14:55.531&amp#27;[0;39m &amp#27;[1;30m[io-executor-thread-1]&amp#27;[0;39m &amp#27;[34mINFO &amp#27;[0;39m &amp#27;[35mc.k.s.c.grpc.GrpcChunkerServiceTest&amp#27;[0;39m - Received the 64 document with 2 chunks
&amp#27;[36m20:14:55.531&amp#27;[0;39m &amp#27;[1;30m[io-executor-thread-3]&amp#27;[0;39m &amp#27;[34mINFO &amp#27;[0;39m &amp#27;[35mc.k.s.c.grpc.GrpcChunkerServiceTest&amp#27;[0;39m - Received the 69 document with 1 chunks
&amp#27;[36m20:14:55.531&amp#27;[0;39m &amp#27;[1;30m[io-executor-thread-14]&amp#27;[0;39m &amp#27;[34mINFO &amp#27;[0;39m &amp#27;[35mc.k.s.c.grpc.GrpcChunkerServiceTest&amp#27;[0;39m - Received the 72 document with 1 chunks
&amp#27;[36m20:14:55.532&amp#27;[0;39m &amp#27;[1;30m[io-executor-thread-22]&amp#27;[0;39m &amp#27;[34mINFO &amp#27;[0;39m &amp#27;[35mc.k.s.c.grpc.GrpcChunkerServiceTest&amp#27;[0;39m - Received the 73 document with 82 chunks
&amp#27;[36m20:14:55.532&amp#27;[0;39m &amp#27;[1;30m[io-executor-thread-25]&amp#27;[0;39m &amp#27;[34mINFO &amp#27;[0;39m &amp#27;[35mc.k.s.c.grpc.GrpcChunkerServiceTest&amp#27;[0;39m - Received the 78 document with 1 chunks
&amp#27;[36m20:14:55.532&amp#27;[0;39m &amp#27;[1;30m[io-executor-thread-1]&amp#27;[0;39m &amp#27;[34mINFO &amp#27;[0;39m &amp#27;[35mc.k.s.c.grpc.GrpcChunkerServiceTest&amp#27;[0;39m - Received the 81 document with 40 chunks
&amp#27;[36m20:14:55.532&amp#27;[0;39m &amp#27;[1;30m[io-executor-thread-28]&amp#27;[0;39m &amp#27;[34mINFO &amp#27;[0;39m &amp#27;[35mc.k.s.c.grpc.GrpcChunkerServiceTest&amp#27;[0;39m - Received the 82 document with 35 chunks
&amp#27;[36m20:14:55.531&amp#27;[0;39m &amp#27;[1;30m[io-executor-thread-7]&amp#27;[0;39m &amp#27;[34mINFO &amp#27;[0;39m &amp#27;[35mc.k.s.c.grpc.GrpcChunkerServiceTest&amp#27;[0;39m - Received the 45 document with 22 chunks
&amp#27;[36m20:14:55.531&amp#27;[0;39m &amp#27;[1;30m[io-executor-thread-23]&amp#27;[0;39m &amp#27;[34mINFO &amp#27;[0;39m &amp#27;[35mc.k.s.c.grpc.GrpcChunkerServiceTest&amp#27;[0;39m - Received the 48 document with 60 chunks
&amp#27;[36m20:14:55.531&amp#27;[0;39m &amp#27;[1;30m[io-executor-thread-15]&amp#27;[0;39m &amp#27;[34mINFO &amp#27;[0;39m &amp#27;[35mc.k.s.c.grpc.GrpcChunkerServiceTest&amp#27;[0;39m - Received the 50 document with 16 chunks
&amp#27;[36m20:14:55.531&amp#27;[0;39m &amp#27;[1;30m[io-executor-thread-5]&amp#27;[0;39m &amp#27;[34mINFO &amp#27;[0;39m &amp#27;[35mc.k.s.c.grpc.GrpcChunkerServiceTest&amp#27;[0;39m - Received the 49 document with 32 chunks
&amp#27;[36m20:14:55.531&amp#27;[0;39m &amp#27;[1;30m[io-executor-thread-9]&amp#27;[0;39m &amp#27;[34mINFO &amp#27;[0;39m &amp#27;[35mc.k.s.c.grpc.GrpcChunkerServiceTest&amp#27;[0;39m - Received the 52 document with 15 chunks
&amp#27;[36m20:14:55.531&amp#27;[0;39m &amp#27;[1;30m[io-executor-thread-18]&amp#27;[0;39m &amp#27;[34mINFO &amp#27;[0;39m &amp#27;[35mc.k.s.c.grpc.GrpcChunkerServiceTest&amp#27;[0;39m - Received the 56 document with 10 chunks
&amp#27;[36m20:14:55.531&amp#27;[0;39m &amp#27;[1;30m[io-executor-thread-17]&amp#27;[0;39m &amp#27;[34mINFO &amp#27;[0;39m &amp#27;[35mc.k.s.c.grpc.GrpcChunkerServiceTest&amp#27;[0;39m - Received the 57 document with 24 chunks
&amp#27;[36m20:14:55.531&amp#27;[0;39m &amp#27;[1;30m[io-executor-thread-10]&amp#27;[0;39m &amp#27;[34mINFO &amp#27;[0;39m &amp#27;[35mc.k.s.c.grpc.GrpcChunkerServiceTest&amp#27;[0;39m - Received the 59 document with 1 chunks
&amp#27;[36m20:14:55.531&amp#27;[0;39m &amp#27;[1;30m[io-executor-thread-2]&amp#27;[0;39m &amp#27;[34mINFO &amp#27;[0;39m &amp#27;[35mc.k.s.c.grpc.GrpcChunkerServiceTest&amp#27;[0;39m - Received the 62 document with 1 chunks
&amp#27;[36m20:14:55.531&amp#27;[0;39m &amp#27;[1;30m[io-executor-thread-4]&amp#27;[0;39m &amp#27;[34mINFO &amp#27;[0;39m &amp#27;[35mc.k.s.c.grpc.GrpcChunkerServiceTest&amp#27;[0;39m - Received the 63 document with 9 chunks
&amp#27;[36m20:14:55.531&amp#27;[0;39m &amp#27;[1;30m[io-executor-thread-13]&amp#27;[0;39m &amp#27;[34mINFO &amp#27;[0;39m &amp#27;[35mc.k.s.c.grpc.GrpcChunkerServiceTest&amp#27;[0;39m - Received the 65 document with 1 chunks
&amp#27;[36m20:14:55.531&amp#27;[0;39m &amp#27;[1;30m[io-executor-thread-20]&amp#27;[0;39m &amp#27;[34mINFO &amp#27;[0;39m &amp#27;[35mc.k.s.c.grpc.GrpcChunkerServiceTest&amp#27;[0;39m - Received the 67 document with 242 chunks
&amp#27;[36m20:14:55.531&amp#27;[0;39m &amp#27;[1;30m[io-executor-thread-29]&amp#27;[0;39m &amp#27;[34mINFO &amp#27;[0;39m &amp#27;[35mc.k.s.c.grpc.GrpcChunkerServiceTest&amp#27;[0;39m - Received the 66 document with 14 chunks
&amp#27;[36m20:14:55.531&amp#27;[0;39m &amp#27;[1;30m[io-executor-thread-21]&amp#27;[0;39m &amp#27;[34mINFO &amp#27;[0;39m &amp#27;[35mc.k.s.c.grpc.GrpcChunkerServiceTest&amp#27;[0;39m - Received the 68 document with 22 chunks
&amp#27;[36m20:14:55.531&amp#27;[0;39m &amp#27;[1;30m[io-executor-thread-19]&amp#27;[0;39m &amp#27;[34mINFO &amp#27;[0;39m &amp#27;[35mc.k.s.c.grpc.GrpcChunkerServiceTest&amp#27;[0;39m - Received the 71 document with 44 chunks
&amp#27;[36m20:14:55.531&amp#27;[0;39m &amp#27;[1;30m[io-executor-thread-24]&amp#27;[0;39m &amp#27;[34mINFO &amp#27;[0;39m &amp#27;[35mc.k.s.c.grpc.GrpcChunkerServiceTest&amp#27;[0;39m - Received the 70 document with 1 chunks
&amp#27;[36m20:14:55.532&amp#27;[0;39m &amp#27;[1;30m[io-executor-thread-27]&amp#27;[0;39m &amp#27;[34mINFO &amp#27;[0;39m &amp#27;[35mc.k.s.c.grpc.GrpcChunkerServiceTest&amp#27;[0;39m - Received the 74 document with 1 chunks
&amp#27;[36m20:14:55.532&amp#27;[0;39m &amp#27;[1;30m[io-executor-thread-14]&amp#27;[0;39m &amp#27;[34mINFO &amp#27;[0;39m &amp#27;[35mc.k.s.c.grpc.GrpcChunkerServiceTest&amp#27;[0;39m - Received the 75 document with 351 chunks
&amp#27;[36m20:14:55.532&amp#27;[0;39m &amp#27;[1;30m[io-executor-thread-8]&amp#27;[0;39m &amp#27;[34mINFO &amp#27;[0;39m &amp#27;[35mc.k.s.c.grpc.GrpcChunkerServiceTest&amp#27;[0;39m - Received the 76 document with 192 chunks
&amp#27;[36m20:14:55.532&amp#27;[0;39m &amp#27;[1;30m[io-executor-thread-12]&amp#27;[0;39m &amp#27;[34mINFO &amp#27;[0;39m &amp#27;[35mc.k.s.c.grpc.GrpcChunkerServiceTest&amp#27;[0;39m - Received the 77 document with 1 chunks
&amp#27;[36m20:14:55.533&amp#27;[0;39m &amp#27;[1;30m[io-executor-thread-17]&amp#27;[0;39m &amp#27;[34mINFO &amp#27;[0;39m &amp#27;[35mc.k.s.c.grpc.GrpcChunkerServiceTest&amp#27;[0;39m - Received the 89 document with 14 chunks
&amp#27;[36m20:14:55.532&amp#27;[0;39m &amp#27;[1;30m[io-executor-thread-26]&amp#27;[0;39m &amp#27;[34mINFO &amp#27;[0;39m &amp#27;[35mc.k.s.c.grpc.GrpcChunkerServiceTest&amp#27;[0;39m - Received the 79 document with 21 chunks
&amp#27;[36m20:14:55.534&amp#27;[0;39m &amp#27;[1;30m[io-executor-thread-14]&amp#27;[0;39m &amp#27;[34mINFO &amp#27;[0;39m &amp#27;[35mc.k.s.c.grpc.GrpcChunkerServiceTest&amp#27;[0;39m - Received the 92 document with 73 chunks
&amp#27;[36m20:14:55.532&amp#27;[0;39m &amp#27;[1;30m[io-executor-thread-11]&amp#27;[0;39m &amp#27;[34mINFO &amp#27;[0;39m &amp#27;[35mc.k.s.c.grpc.GrpcChunkerServiceTest&amp#27;[0;39m - Received the 80 document with 56 chunks
&amp#27;[36m20:14:55.534&amp#27;[0;39m &amp#27;[1;30m[io-executor-thread-33]&amp#27;[0;39m &amp#27;[34mINFO &amp#27;[0;39m &amp#27;[35mc.k.s.c.grpc.GrpcChunkerServiceTest&amp#27;[0;39m - Received the 96 document with 1 chunks
&amp#27;[36m20:14:55.532&amp#27;[0;39m &amp#27;[1;30m[io-executor-thread-3]&amp#27;[0;39m &amp#27;[34mINFO &amp#27;[0;39m &amp#27;[35mc.k.s.c.grpc.GrpcChunkerServiceTest&amp#27;[0;39m - Received the 83 document with 27 chunks
&amp#27;[36m20:14:55.532&amp#27;[0;39m &amp#27;[1;30m[io-executor-thread-6]&amp#27;[0;39m &amp#27;[34mINFO &amp#27;[0;39m &amp#27;[35mc.k.s.c.grpc.GrpcChunkerServiceTest&amp#27;[0;39m - Received the 84 document with 29 chunks
&amp#27;[36m20:14:55.534&amp#27;[0;39m &amp#27;[1;30m[io-executor-thread-34]&amp#27;[0;39m &amp#27;[34mINFO &amp#27;[0;39m &amp#27;[35mc.k.s.c.grpc.GrpcChunkerServiceTest&amp#27;[0;39m - Received the 116 document with 9 chunks
&amp#27;[36m20:14:55.534&amp#27;[0;39m &amp#27;[1;30m[io-executor-thread-3]&amp#27;[0;39m &amp#27;[34mINFO &amp#27;[0;39m &amp#27;[35mc.k.s.c.grpc.GrpcChunkerServiceTest&amp#27;[0;39m - Received the 117 document with 36 chunks
&amp#27;[36m20:14:55.532&amp#27;[0;39m &amp#27;[1;30m[io-executor-thread-16]&amp#27;[0;39m &amp#27;[34mINFO &amp#27;[0;39m &amp#27;[35mc.k.s.c.grpc.GrpcChunkerServiceTest&amp#27;[0;39m - Received the 85 document with 135 chunks
&amp#27;[36m20:14:55.532&amp#27;[0;39m &amp#27;[1;30m[io-executor-thread-28]&amp#27;[0;39m &amp#27;[34mINFO &amp#27;[0;39m &amp#27;[35mc.k.s.c.grpc.GrpcChunkerServiceTest&amp#27;[0;39m - Received the 86 document with 319 chunks
&amp#27;[36m20:14:55.535&amp#27;[0;39m &amp#27;[1;30m[io-executor-thread-33]&amp#27;[0;39m &amp#27;[34mINFO &amp#27;[0;39m &amp#27;[35mc.k.s.c.grpc.GrpcChunkerServiceTest&amp#27;[0;39m - Received the 119 document with 10 chunks
&amp#27;[36m20:14:55.535&amp#27;[0;39m &amp#27;[1;30m[io-executor-thread-6]&amp#27;[0;39m &amp#27;[34mINFO &amp#27;[0;39m &amp#27;[35mc.k.s.c.grpc.GrpcChunkerServiceTest&amp#27;[0;39m - Received the 120 document with 10 chunks
&amp#27;[36m20:14:55.535&amp#27;[0;39m &amp#27;[1;30m[io-executor-thread-28]&amp#27;[0;39m &amp#27;[34mINFO &amp#27;[0;39m &amp#27;[35mc.k.s.c.grpc.GrpcChunkerServiceTest&amp#27;[0;39m - Received the 121 document with 148 chunks
&amp#27;[36m20:14:55.535&amp#27;[0;39m &amp#27;[1;30m[io-executor-thread-34]&amp#27;[0;39m &amp#27;[34mINFO &amp#27;[0;39m &amp#27;[35mc.k.s.c.grpc.GrpcChunkerServiceTest&amp#27;[0;39m - Received the 122 document with 53 chunks
&amp#27;[36m20:14:55.532&amp#27;[0;39m &amp#27;[1;30m[io-executor-thread-30]&amp#27;[0;39m &amp#27;[34mINFO &amp#27;[0;39m &amp#27;[35mc.k.s.c.grpc.GrpcChunkerServiceTest&amp#27;[0;39m - Received the 87 document with 273 chunks
&amp#27;[36m20:14:55.533&amp#27;[0;39m &amp#27;[1;30m[io-executor-thread-27]&amp#27;[0;39m &amp#27;[34mINFO &amp#27;[0;39m &amp#27;[35mc.k.s.c.grpc.GrpcChunkerServiceTest&amp#27;[0;39m - Received the 88 document with 11 chunks
&amp#27;[36m20:14:55.534&amp#27;[0;39m &amp#27;[1;30m[io-executor-thread-8]&amp#27;[0;39m &amp#27;[34mINFO &amp#27;[0;39m &amp#27;[35mc.k.s.c.grpc.GrpcChunkerServiceTest&amp#27;[0;39m - Received the 91 document with 24 chunks
&amp#27;[36m20:14:55.535&amp#27;[0;39m &amp#27;[1;30m[io-executor-thread-33]&amp#27;[0;39m &amp#27;[34mINFO &amp#27;[0;39m &amp#27;[35mc.k.s.c.grpc.GrpcChunkerServiceTest&amp#27;[0;39m - Received the 123 document with 96 chunks
&amp#27;[36m20:14:55.535&amp#27;[0;39m &amp#27;[1;30m[io-executor-thread-30]&amp#27;[0;39m &amp#27;[34mINFO &amp#27;[0;39m &amp#27;[35mc.k.s.c.grpc.GrpcChunkerServiceTest&amp#27;[0;39m - Received the 124 document with 66 chunks
&amp#27;[36m20:14:55.534&amp#27;[0;39m &amp#27;[1;30m[io-executor-thread-12]&amp#27;[0;39m &amp#27;[34mINFO &amp#27;[0;39m &amp#27;[35mc.k.s.c.grpc.GrpcChunkerServiceTest&amp#27;[0;39m - Received the 90 document with 11 chunks
&amp#27;[36m20:14:55.535&amp#27;[0;39m &amp#27;[1;30m[io-executor-thread-8]&amp#27;[0;39m &amp#27;[34mINFO &amp#27;[0;39m &amp#27;[35mc.k.s.c.grpc.GrpcChunkerServiceTest&amp#27;[0;39m - Received the 126 document with 557 chunks
&amp#27;[36m20:14:55.534&amp#27;[0;39m &amp#27;[1;30m[io-executor-thread-17]&amp#27;[0;39m &amp#27;[34mINFO &amp#27;[0;39m &amp#27;[35mc.k.s.c.grpc.GrpcChunkerServiceTest&amp#27;[0;39m - Received the 93 document with 9 chunks
&amp#27;[36m20:14:55.535&amp#27;[0;39m &amp#27;[1;30m[io-executor-thread-3]&amp#27;[0;39m &amp#27;[34mINFO &amp#27;[0;39m &amp#27;[35mc.k.s.c.grpc.GrpcChunkerServiceTest&amp#27;[0;39m - Received the 127 document with 601 chunks
&amp#27;[36m20:14:55.535&amp#27;[0;39m &amp#27;[1;30m[io-executor-thread-8]&amp#27;[0;39m &amp#27;[34mINFO &amp#27;[0;39m &amp#27;[35mc.k.s.c.grpc.GrpcChunkerServiceTest&amp#27;[0;39m - Received the 128 document with 357 chunks
&amp#27;[36m20:14:55.534&amp#27;[0;39m &amp#27;[1;30m[io-executor-thread-5]&amp#27;[0;39m &amp#27;[34mINFO &amp#27;[0;39m &amp#27;[35mc.k.s.c.grpc.GrpcChunkerServiceTest&amp#27;[0;39m - Received the 94 document with 8 chunks
&amp#27;[36m20:14:55.534&amp#27;[0;39m &amp#27;[1;30m[io-executor-thread-15]&amp#27;[0;39m &amp#27;[34mINFO &amp#27;[0;39m &amp#27;[35mc.k.s.c.grpc.GrpcChunkerServiceTest&amp#27;[0;39m - Received the 95 document with 27 chunks
&amp#27;[36m20:14:55.534&amp#27;[0;39m &amp#27;[1;30m[io-executor-thread-18]&amp#27;[0;39m &amp#27;[34mINFO &amp#27;[0;39m &amp#27;[35mc.k.s.c.grpc.GrpcChunkerServiceTest&amp#27;[0;39m - Received the 97 document with 1 chunks
&amp#27;[36m20:14:55.534&amp#27;[0;39m &amp#27;[1;30m[io-executor-thread-24]&amp#27;[0;39m &amp#27;[34mINFO &amp#27;[0;39m &amp#27;[35mc.k.s.c.grpc.GrpcChunkerServiceTest&amp#27;[0;39m - Received the 99 document with 1 chunks
&amp#27;[36m20:14:55.534&amp#27;[0;39m &amp#27;[1;30m[io-executor-thread-1]&amp#27;[0;39m &amp#27;[34mINFO &amp#27;[0;39m &amp#27;[35mc.k.s.c.grpc.GrpcChunkerServiceTest&amp#27;[0;39m - Received the 101 document with 1 chunks
&amp#27;[36m20:14:55.534&amp#27;[0;39m &amp#27;[1;30m[io-executor-thread-21]&amp#27;[0;39m &amp#27;[34mINFO &amp#27;[0;39m &amp#27;[35mc.k.s.c.grpc.GrpcChunkerServiceTest&amp#27;[0;39m - Received the 100 document with 9 chunks
&amp#27;[36m20:14:55.534&amp#27;[0;39m &amp#27;[1;30m[io-executor-thread-4]&amp#27;[0;39m &amp#27;[34mINFO &amp#27;[0;39m &amp#27;[35mc.k.s.c.grpc.GrpcChunkerServiceTest&amp#27;[0;39m - Received the 102 document with 17 chunks
&amp#27;[36m20:14:55.534&amp#27;[0;39m &amp#27;[1;30m[io-executor-thread-22]&amp#27;[0;39m &amp#27;[34mINFO &amp#27;[0;39m &amp#27;[35mc.k.s.c.grpc.GrpcChunkerServiceTest&amp#27;[0;39m - Received the 103 document with 1 chunks
&amp#27;[36m20:14:55.534&amp#27;[0;39m &amp#27;[1;30m[io-executor-thread-19]&amp#27;[0;39m &amp#27;[34mINFO &amp#27;[0;39m &amp#27;[35mc.k.s.c.grpc.GrpcChunkerServiceTest&amp#27;[0;39m - Received the 104 document with 14 chunks
&amp#27;[36m20:14:55.534&amp#27;[0;39m &amp#27;[1;30m[io-executor-thread-29]&amp#27;[0;39m &amp#27;[34mINFO &amp#27;[0;39m &amp#27;[35mc.k.s.c.grpc.GrpcChunkerServiceTest&amp#27;[0;39m - Received the 106 document with 3 chunks
&amp#27;[36m20:14:55.534&amp#27;[0;39m &amp#27;[1;30m[io-executor-thread-7]&amp#27;[0;39m &amp#27;[34mINFO &amp#27;[0;39m &amp#27;[35mc.k.s.c.grpc.GrpcChunkerServiceTest&amp#27;[0;39m - Received the 105 document with 62 chunks
&amp#27;[36m20:14:55.534&amp#27;[0;39m &amp#27;[1;30m[io-executor-thread-20]&amp#27;[0;39m &amp#27;[34mINFO &amp#27;[0;39m &amp#27;[35mc.k.s.c.grpc.GrpcChunkerServiceTest&amp#27;[0;39m - Received the 110 document with 44 chunks
&amp#27;[36m20:14:55.534&amp#27;[0;39m &amp#27;[1;30m[io-executor-thread-11]&amp#27;[0;39m &amp#27;[34mINFO &amp#27;[0;39m &amp#27;[35mc.k.s.c.grpc.GrpcChunkerServiceTest&amp#27;[0;39m - Received the 109 document with 19 chunks
&amp#27;[36m20:14:55.534&amp#27;[0;39m &amp#27;[1;30m[io-executor-thread-9]&amp#27;[0;39m &amp#27;[34mINFO &amp#27;[0;39m &amp#27;[35mc.k.s.c.grpc.GrpcChunkerServiceTest&amp#27;[0;39m - Received the 107 document with 136 chunks
&amp#27;[36m20:14:55.534&amp#27;[0;39m &amp#27;[1;30m[io-executor-thread-14]&amp#27;[0;39m &amp#27;[34mINFO &amp#27;[0;39m &amp#27;[35mc.k.s.c.grpc.GrpcChunkerServiceTest&amp#27;[0;39m - Received the 108 document with 28 chunks
&amp#27;[36m20:14:55.537&amp#27;[0;39m &amp#27;[1;30m[io-executor-thread-18]&amp#27;[0;39m &amp#27;[34mINFO &amp#27;[0;39m &amp#27;[35mc.k.s.c.grpc.GrpcChunkerServiceTest&amp#27;[0;39m - Received the 131 document with 69 chunks
&amp#27;[36m20:14:55.534&amp#27;[0;39m &amp#27;[1;30m[io-executor-thread-2]&amp#27;[0;39m &amp#27;[34mINFO &amp#27;[0;39m &amp#27;[35mc.k.s.c.grpc.GrpcChunkerServiceTest&amp#27;[0;39m - Received the 112 document with 37 chunks
&amp#27;[36m20:14:55.538&amp#27;[0;39m &amp#27;[1;30m[io-executor-thread-17]&amp#27;[0;39m &amp#27;[34mINFO &amp#27;[0;39m &amp#27;[35mc.k.s.c.grpc.GrpcChunkerServiceTest&amp#27;[0;39m - Received the 138 document with 59 chunks
&amp#27;[36m20:14:55.538&amp#27;[0;39m &amp#27;[1;30m[io-executor-thread-22]&amp#27;[0;39m &amp#27;[34mINFO &amp#27;[0;39m &amp#27;[35mc.k.s.c.grpc.GrpcChunkerServiceTest&amp#27;[0;39m - Received the 139 document with 33 chunks
&amp#27;[36m20:14:55.538&amp#27;[0;39m &amp#27;[1;30m[io-executor-thread-11]&amp#27;[0;39m &amp#27;[34mINFO &amp#27;[0;39m &amp#27;[35mc.k.s.c.grpc.GrpcChunkerServiceTest&amp#27;[0;39m - Received the 140 document with 11 chunks
&amp#27;[36m20:14:55.538&amp#27;[0;39m &amp#27;[1;30m[io-executor-thread-20]&amp#27;[0;39m &amp#27;[34mINFO &amp#27;[0;39m &amp#27;[35mc.k.s.c.grpc.GrpcChunkerServiceTest&amp#27;[0;39m - Received the 141 document with 10 chunks
&amp#27;[36m20:14:55.538&amp#27;[0;39m &amp#27;[1;30m[io-executor-thread-2]&amp#27;[0;39m &amp#27;[34mINFO &amp#27;[0;39m &amp#27;[35mc.k.s.c.grpc.GrpcChunkerServiceTest&amp#27;[0;39m - Received the 142 document with 12 chunks
&amp#27;[36m20:14:55.538&amp#27;[0;39m &amp#27;[1;30m[io-executor-thread-1]&amp#27;[0;39m &amp#27;[34mINFO &amp#27;[0;39m &amp#27;[35mc.k.s.c.grpc.GrpcChunkerServiceTest&amp#27;[0;39m - Received the 143 document with 12 chunks
&amp#27;[36m20:14:55.538&amp#27;[0;39m &amp#27;[1;30m[io-executor-thread-24]&amp#27;[0;39m &amp#27;[34mINFO &amp#27;[0;39m &amp#27;[35mc.k.s.c.grpc.GrpcChunkerServiceTest&amp#27;[0;39m - Received the 145 document with 33 chunks
&amp#27;[36m20:14:55.538&amp#27;[0;39m &amp#27;[1;30m[io-executor-thread-6]&amp#27;[0;39m &amp#27;[34mINFO &amp#27;[0;39m &amp#27;[35mc.k.s.c.grpc.GrpcChunkerServiceTest&amp#27;[0;39m - Received the 146 document with 13 chunks
&amp#27;[36m20:14:55.534&amp#27;[0;39m &amp#27;[1;30m[io-executor-thread-32]&amp#27;[0;39m &amp#27;[34mINFO &amp#27;[0;39m &amp#27;[35mc.k.s.c.grpc.GrpcChunkerServiceTest&amp#27;[0;39m - Received the 111 document with 272 chunks
&amp#27;[36m20:14:55.534&amp#27;[0;39m &amp#27;[1;30m[io-executor-thread-26]&amp#27;[0;39m &amp#27;[34mINFO &amp#27;[0;39m &amp#27;[35mc.k.s.c.grpc.GrpcChunkerServiceTest&amp#27;[0;39m - Received the 98 document with 1 chunks
&amp#27;[36m20:14:55.541&amp#27;[0;39m &amp#27;[1;30m[io-executor-thread-26]&amp#27;[0;39m &amp#27;[34mINFO &amp#27;[0;39m &amp#27;[35mc.k.s.c.grpc.GrpcChunkerServiceTest&amp#27;[0;39m - Received the 153 document with 1 chunks
&amp#27;[36m20:14:55.534&amp#27;[0;39m &amp#27;[1;30m[io-executor-thread-23]&amp#27;[0;39m &amp#27;[34mINFO &amp#27;[0;39m &amp#27;[35mc.k.s.c.grpc.GrpcChunkerServiceTest&amp#27;[0;39m - Received the 113 document with 1 chunks
&amp#27;[36m20:14:55.541&amp#27;[0;39m &amp#27;[1;30m[io-executor-thread-39]&amp#27;[0;39m &amp#27;[34mINFO &amp#27;[0;39m &amp#27;[35mc.k.s.c.grpc.GrpcChunkerServiceTest&amp#27;[0;39m - Received the 154 document with 1 chunks
&amp#27;[36m20:14:55.534&amp#27;[0;39m &amp#27;[1;30m[io-executor-thread-25]&amp#27;[0;39m &amp#27;[34mINFO &amp#27;[0;39m &amp#27;[35mc.k.s.c.grpc.GrpcChunkerServiceTest&amp#27;[0;39m - Received the 115 document with 16 chunks
&amp#27;[36m20:14:55.534&amp#27;[0;39m &amp#27;[1;30m[io-executor-thread-10]&amp#27;[0;39m &amp#27;[34mINFO &amp#27;[0;39m &amp#27;[35mc.k.s.c.grpc.GrpcChunkerServiceTest&amp#27;[0;39m - Received the 114 document with 1 chunks
&amp#27;[36m20:14:55.534&amp#27;[0;39m &amp#27;[1;30m[io-executor-thread-35]&amp#27;[0;39m &amp#27;[34mINFO &amp#27;[0;39m &amp#27;[35mc.k.s.c.grpc.GrpcChunkerServiceTest&amp#27;[0;39m - Received the 118 document with 13 chunks
&amp#27;[36m20:14:55.535&amp#27;[0;39m &amp#27;[1;30m[io-executor-thread-27]&amp#27;[0;39m &amp#27;[34mINFO &amp#27;[0;39m &amp#27;[35mc.k.s.c.grpc.GrpcChunkerServiceTest&amp#27;[0;39m - Received the 125 document with 343 chunks
&amp#27;[36m20:14:55.536&amp#27;[0;39m &amp#27;[1;30m[io-executor-thread-30]&amp#27;[0;39m &amp#27;[34mINFO &amp#27;[0;39m &amp#27;[35mc.k.s.c.grpc.GrpcChunkerServiceTest&amp#27;[0;39m - Received the 129 document with 1243 chunks
&amp#27;[36m20:14:55.543&amp#27;[0;39m &amp#27;[1;30m[io-executor-thread-16]&amp#27;[0;39m &amp#27;[34mINFO &amp#27;[0;39m &amp#27;[35mc.k.s.c.grpc.GrpcChunkerServiceTest&amp#27;[0;39m - Received the 156 document with 56 chunks
&amp#27;[36m20:14:55.537&amp#27;[0;39m &amp#27;[1;30m[io-executor-thread-28]&amp#27;[0;39m &amp#27;[34mINFO &amp#27;[0;39m &amp#27;[35mc.k.s.c.grpc.GrpcChunkerServiceTest&amp#27;[0;39m - Received the 132 document with 76 chunks
&amp#27;[36m20:14:55.537&amp#27;[0;39m &amp#27;[1;30m[io-executor-thread-31]&amp#27;[0;39m &amp#27;[34mINFO &amp#27;[0;39m &amp#27;[35mc.k.s.c.grpc.GrpcChunkerServiceTest&amp#27;[0;39m - Received the 133 document with 134 chunks
&amp#27;[36m20:14:55.543&amp#27;[0;39m &amp#27;[1;30m[io-executor-thread-30]&amp#27;[0;39m &amp#27;[34mINFO &amp#27;[0;39m &amp#27;[35mc.k.s.c.grpc.GrpcChunkerServiceTest&amp#27;[0;39m - Received the 159 document with 21 chunks
&amp#27;[36m20:14:55.544&amp#27;[0;39m &amp#27;[1;30m[io-executor-thread-11]&amp#27;[0;39m &amp#27;[34mINFO &amp#27;[0;39m &amp#27;[35mc.k.s.c.grpc.GrpcChunkerServiceTest&amp#27;[0;39m - Received the 160 document with 13 chunks
&amp#27;[36m20:14:55.544&amp#27;[0;39m &amp#27;[1;30m[io-executor-thread-16]&amp#27;[0;39m &amp#27;[34mINFO &amp#27;[0;39m &amp#27;[35mc.k.s.c.grpc.GrpcChunkerServiceTest&amp#27;[0;39m - Received the 161 document with 8 chunks
&amp#27;[36m20:14:55.537&amp#27;[0;39m &amp#27;[1;30m[io-executor-thread-29]&amp#27;[0;39m &amp#27;[34mINFO &amp#27;[0;39m &amp#27;[35mc.k.s.c.grpc.GrpcChunkerServiceTest&amp#27;[0;39m - Received the 134 document with 116 chunks
&amp#27;[36m20:14:55.545&amp#27;[0;39m &amp#27;[1;30m[io-executor-thread-31]&amp#27;[0;39m &amp#27;[34mINFO &amp#27;[0;39m &amp#27;[35mc.k.s.c.grpc.GrpcChunkerServiceTest&amp#27;[0;39m - Received the 163 document with 21 chunks
&amp#27;[36m20:14:55.545&amp#27;[0;39m &amp#27;[1;30m[io-executor-thread-17]&amp#27;[0;39m &amp#27;[34mINFO &amp#27;[0;39m &amp#27;[35mc.k.s.c.grpc.GrpcChunkerServiceTest&amp#27;[0;39m - Received the 164 document with 135 chunks
&amp#27;[36m20:14:55.537&amp#27;[0;39m &amp#27;[1;30m[io-executor-thread-36]&amp#27;[0;39m &amp#27;[34mINFO &amp#27;[0;39m &amp#27;[35mc.k.s.c.grpc.GrpcChunkerServiceTest&amp#27;[0;39m - Received the 130 document with 1 chunks
&amp#27;[36m20:14:55.545&amp#27;[0;39m &amp#27;[1;30m[io-executor-thread-34]&amp#27;[0;39m &amp#27;[34mINFO &amp#27;[0;39m &amp#27;[35mc.k.s.c.grpc.GrpcChunkerServiceTest&amp#27;[0;39m - Received the 166 document with 1 chunks
&amp#27;[36m20:14:55.537&amp#27;[0;39m &amp#27;[1;30m[io-executor-thread-14]&amp#27;[0;39m &amp#27;[34mINFO &amp#27;[0;39m &amp#27;[35mc.k.s.c.grpc.GrpcChunkerServiceTest&amp#27;[0;39m - Received the 135 document with 11 chunks
&amp#27;[36m20:14:55.537&amp#27;[0;39m &amp#27;[1;30m[io-executor-thread-7]&amp#27;[0;39m &amp#27;[34mINFO &amp#27;[0;39m &amp#27;[35mc.k.s.c.grpc.GrpcChunkerServiceTest&amp#27;[0;39m - Received the 136 document with 1 chunks
&amp#27;[36m20:14:55.537&amp#27;[0;39m &amp#27;[1;30m[io-executor-thread-21]&amp#27;[0;39m &amp#27;[34mINFO &amp#27;[0;39m &amp#27;[35mc.k.s.c.grpc.GrpcChunkerServiceTest&amp#27;[0;39m - Received the 137 document with 12 chunks
&amp#27;[36m20:14:55.538&amp#27;[0;39m &amp#27;[1;30m[io-executor-thread-13]&amp#27;[0;39m &amp#27;[34mINFO &amp#27;[0;39m &amp#27;[35mc.k.s.c.grpc.GrpcChunkerServiceTest&amp#27;[0;39m - Received the 144 document with 1 chunks
&amp#27;[36m20:14:55.538&amp#27;[0;39m &amp#27;[1;30m[io-executor-thread-8]&amp#27;[0;39m &amp#27;[34mINFO &amp#27;[0;39m &amp#27;[35mc.k.s.c.grpc.GrpcChunkerServiceTest&amp#27;[0;39m - Received the 147 document with 20 chunks
&amp#27;[36m20:14:55.538&amp#27;[0;39m &amp#27;[1;30m[io-executor-thread-15]&amp#27;[0;39m &amp#27;[34mINFO &amp#27;[0;39m &amp#27;[35mc.k.s.c.grpc.GrpcChunkerServiceTest&amp#27;[0;39m - Received the 148 document with 1 chunks
&amp#27;[36m20:14:55.538&amp#27;[0;39m &amp#27;[1;30m[io-executor-thread-33]&amp#27;[0;39m &amp#27;[34mINFO &amp#27;[0;39m &amp#27;[35mc.k.s.c.grpc.GrpcChunkerServiceTest&amp#27;[0;39m - Received the 149 document with 31 chunks
&amp#27;[36m20:14:55.538&amp#27;[0;39m &amp#27;[1;30m[io-executor-thread-5]&amp#27;[0;39m &amp#27;[34mINFO &amp#27;[0;39m &amp#27;[35mc.k.s.c.grpc.GrpcChunkerServiceTest&amp#27;[0;39m - Received the 150 document with 16 chunks
&amp#27;[36m20:14:55.539&amp#27;[0;39m &amp#27;[1;30m[io-executor-thread-37]&amp#27;[0;39m &amp#27;[34mINFO &amp#27;[0;39m &amp#27;[35mc.k.s.c.grpc.GrpcChunkerServiceTest&amp#27;[0;39m - Received the 151 document with 1 chunks
&amp#27;[36m20:14:55.539&amp#27;[0;39m &amp#27;[1;30m[io-executor-thread-2]&amp#27;[0;39m &amp#27;[34mINFO &amp#27;[0;39m &amp#27;[35mc.k.s.c.grpc.GrpcChunkerServiceTest&amp#27;[0;39m - Received the 152 document with 20 chunks
&amp#27;[36m20:14:55.543&amp#27;[0;39m &amp#27;[1;30m[io-executor-thread-41]&amp#27;[0;39m &amp#27;[34mINFO &amp#27;[0;39m &amp#27;[35mc.k.s.c.grpc.GrpcChunkerServiceTest&amp#27;[0;39m - Received the 155 document with 16 chunks
&amp#27;[36m20:14:55.543&amp#27;[0;39m &amp#27;[1;30m[io-executor-thread-6]&amp#27;[0;39m &amp#27;[34mINFO &amp#27;[0;39m &amp#27;[35mc.k.s.c.grpc.GrpcChunkerServiceTest&amp#27;[0;39m - Received the 157 document with 125 chunks
&amp#27;[36m20:14:55.543&amp#27;[0;39m &amp#27;[1;30m[io-executor-thread-28]&amp#27;[0;39m &amp#27;[34mINFO &amp#27;[0;39m &amp#27;[35mc.k.s.c.grpc.GrpcChunkerServiceTest&amp#27;[0;39m - Received the 158 document with 1 chunks
&amp#27;[36m20:14:55.544&amp#27;[0;39m &amp#27;[1;30m[io-executor-thread-30]&amp#27;[0;39m &amp#27;[34mINFO &amp#27;[0;39m &amp#27;[35mc.k.s.c.grpc.GrpcChunkerServiceTest&amp#27;[0;39m - Received the 162 document with 93 chunks
&amp#27;[36m20:14:55.545&amp#27;[0;39m &amp#27;[1;30m[io-executor-thread-35]&amp#27;[0;39m &amp#27;[34mINFO &amp#27;[0;39m &amp#27;[35mc.k.s.c.grpc.GrpcChunkerServiceTest&amp#27;[0;39m - Received the 165 document with 57 chunks
&amp#27;[36m20:14:55.545&amp#27;[0;39m &amp#27;[1;30m[io-executor-thread-44]&amp#27;[0;39m &amp#27;[34mINFO &amp#27;[0;39m &amp#27;[35mc.k.s.c.grpc.GrpcChunkerServiceTest&amp#27;[0;39m - Received the 167 document with 9 chunks
&amp#27;[36m20:14:55.545&amp#27;[0;39m &amp#27;[1;30m[io-executor-thread-43]&amp#27;[0;39m &amp#27;[34mINFO &amp#27;[0;39m &amp#27;[35mc.k.s.c.grpc.GrpcChunkerServiceTest&amp#27;[0;39m - Received the 168 document with 183 chunks
&amp#27;[36m20:14:55.546&amp#27;[0;39m &amp#27;[1;30m[io-executor-thread-14]&amp#27;[0;39m &amp#27;[34mINFO &amp#27;[0;39m &amp#27;[35mc.k.s.c.grpc.GrpcChunkerServiceTest&amp#27;[0;39m - Received the 169 document with 731 chunks
&amp#27;[36m20:14:55.555&amp#27;[0;39m &amp#27;[1;30m[io-executor-thread-3]&amp#27;[0;39m &amp#27;[34mINFO &amp#27;[0;39m &amp#27;[35mc.k.s.c.grpc.GrpcChunkerServiceTest&amp#27;[0;39m - Received the 170 document with 234 chunks
&amp#27;[36m20:14:55.555&amp#27;[0;39m &amp#27;[1;30m[io-executor-thread-47]&amp#27;[0;39m &amp#27;[34mINFO &amp#27;[0;39m &amp#27;[35mc.k.s.c.grpc.GrpcChunkerServiceTest&amp#27;[0;39m - Received the 171 document with 1 chunks
&amp#27;[36m20:14:55.556&amp#27;[0;39m &amp#27;[1;30m[io-executor-thread-22]&amp#27;[0;39m &amp#27;[34mINFO &amp#27;[0;39m &amp#27;[35mc.k.s.c.grpc.GrpcChunkerServiceTest&amp#27;[0;39m - Received the 174 document with 43 chunks
&amp#27;[36m20:14:55.556&amp#27;[0;39m &amp#27;[1;30m[io-executor-thread-14]&amp#27;[0;39m &amp#27;[34mINFO &amp#27;[0;39m &amp#27;[35mc.k.s.c.grpc.GrpcChunkerServiceTest&amp#27;[0;39m - Received the 173 document with 1 chunks
&amp#27;[36m20:14:55.556&amp#27;[0;39m &amp#27;[1;30m[io-executor-thread-8]&amp#27;[0;39m &amp#27;[34mINFO &amp#27;[0;39m &amp#27;[35mc.k.s.c.grpc.GrpcChunkerServiceTest&amp#27;[0;39m - Received the 175 document with 1 chunks
&amp#27;[36m20:14:55.556&amp#27;[0;39m &amp#27;[1;30m[io-executor-thread-17]&amp#27;[0;39m &amp#27;[34mINFO &amp#27;[0;39m &amp#27;[35mc.k.s.c.grpc.GrpcChunkerServiceTest&amp#27;[0;39m - Received the 177 document with 55 chunks
&amp#27;[36m20:14:55.556&amp#27;[0;39m &amp#27;[1;30m[io-executor-thread-15]&amp#27;[0;39m &amp#27;[34mINFO &amp#27;[0;39m &amp#27;[35mc.k.s.c.grpc.GrpcChunkerServiceTest&amp#27;[0;39m - Received the 172 document with 100 chunks
&amp#27;[36m20:14:55.556&amp#27;[0;39m &amp#27;[1;30m[io-executor-thread-11]&amp#27;[0;39m &amp#27;[34mINFO &amp#27;[0;39m &amp#27;[35mc.k.s.c.grpc.GrpcChunkerServiceTest&amp#27;[0;39m - Received the 176 document with 39 chunks
&amp#27;[36m20:14:55.556&amp#27;[0;39m &amp#27;[1;30m[io-executor-thread-45]&amp#27;[0;39m &amp#27;[34mINFO &amp#27;[0;39m &amp#27;[35mc.k.s.c.grpc.GrpcChunkerServiceTest&amp#27;[0;39m - Received the 179 document with 47 chunks
&amp#27;[36m20:14:55.556&amp#27;[0;39m &amp#27;[1;30m[io-executor-thread-21]&amp#27;[0;39m &amp#27;[34mINFO &amp#27;[0;39m &amp#27;[35mc.k.s.c.grpc.GrpcChunkerServiceTest&amp#27;[0;39m - Received the 181 document with 1 chunks
&amp#27;[36m20:14:55.556&amp#27;[0;39m &amp#27;[1;30m[io-executor-thread-20]&amp#27;[0;39m &amp#27;[34mINFO &amp#27;[0;39m &amp#27;[35mc.k.s.c.grpc.GrpcChunkerServiceTest&amp#27;[0;39m - Received the 184 document with 1 chunks
&amp#27;[36m20:14:55.556&amp#27;[0;39m &amp#27;[1;30m[io-executor-thread-43]&amp#27;[0;39m &amp#27;[34mINFO &amp#27;[0;39m &amp#27;[35mc.k.s.c.grpc.GrpcChunkerServiceTest&amp#27;[0;39m - Received the 187 document with 61 chunks
&amp#27;[36m20:14:55.556&amp#27;[0;39m &amp#27;[1;30m[io-executor-thread-19]&amp#27;[0;39m &amp#27;[34mINFO &amp#27;[0;39m &amp#27;[35mc.k.s.c.grpc.GrpcChunkerServiceTest&amp#27;[0;39m - Received the 189 document with 187 chunks
&amp#27;[36m20:14:55.556&amp#27;[0;39m &amp#27;[1;30m[io-executor-thread-40]&amp#27;[0;39m &amp#27;[34mINFO &amp#27;[0;39m &amp#27;[35mc.k.s.c.grpc.GrpcChunkerServiceTest&amp#27;[0;39m - Received the 191 document with 1 chunks
&amp#27;[36m20:14:55.556&amp#27;[0;39m &amp#27;[1;30m[io-executor-thread-24]&amp#27;[0;39m &amp#27;[34mINFO &amp#27;[0;39m &amp#27;[35mc.k.s.c.grpc.GrpcChunkerServiceTest&amp#27;[0;39m - Received the 192 document with 1 chunks
&amp#27;[36m20:14:55.556&amp#27;[0;39m &amp#27;[1;30m[io-executor-thread-34]&amp#27;[0;39m &amp#27;[34mINFO &amp#27;[0;39m &amp#27;[35mc.k.s.c.grpc.GrpcChunkerServiceTest&amp#27;[0;39m - Received the 195 document with 10 chunks
&amp#27;[36m20:14:55.556&amp#27;[0;39m &amp#27;[1;30m[io-executor-thread-26]&amp#27;[0;39m &amp#27;[34mINFO &amp#27;[0;39m &amp#27;[35mc.k.s.c.grpc.GrpcChunkerServiceTest&amp#27;[0;39m - Received the 198 document with 9 chunks
&amp#27;[36m20:14:55.556&amp#27;[0;39m &amp#27;[1;30m[io-executor-thread-29]&amp#27;[0;39m &amp#27;[34mINFO &amp#27;[0;39m &amp#27;[35mc.k.s.c.grpc.GrpcChunkerServiceTest&amp#27;[0;39m - Received the 200 document with 175 chunks
&amp#27;[36m20:14:55.556&amp#27;[0;39m &amp#27;[1;30m[io-executor-thread-22]&amp#27;[0;39m &amp#27;[34mINFO &amp#27;[0;39m &amp#27;[35mc.k.s.c.grpc.GrpcChunkerServiceTest&amp#27;[0;39m - Received the 202 document with 8 chunks
&amp#27;[36m20:14:55.557&amp#27;[0;39m &amp#27;[1;30m[io-executor-thread-14]&amp#27;[0;39m &amp#27;[34mINFO &amp#27;[0;39m &amp#27;[35mc.k.s.c.grpc.GrpcChunkerServiceTest&amp#27;[0;39m - Received the 203 document with 1 chunks
&amp#27;[36m20:14:55.557&amp#27;[0;39m &amp#27;[1;30m[io-executor-thread-37]&amp#27;[0;39m &amp#27;[34mINFO &amp#27;[0;39m &amp#27;[35mc.k.s.c.grpc.GrpcChunkerServiceTest&amp#27;[0;39m - Received the 206 document with 15 chunks
&amp#27;[36m20:14:55.557&amp#27;[0;39m &amp#27;[1;30m[io-executor-thread-17]&amp#27;[0;39m &amp#27;[34mINFO &amp#27;[0;39m &amp#27;[35mc.k.s.c.grpc.GrpcChunkerServiceTest&amp#27;[0;39m - Received the 209 document with 17 chunks
&amp#27;[36m20:14:55.556&amp#27;[0;39m &amp#27;[1;30m[io-executor-thread-27]&amp#27;[0;39m &amp#27;[34mINFO &amp#27;[0;39m &amp#27;[35mc.k.s.c.grpc.GrpcChunkerServiceTest&amp#27;[0;39m - Received the 180 document with 1 chunks
&amp#27;[36m20:14:55.559&amp#27;[0;39m &amp#27;[1;30m[io-executor-thread-48]&amp#27;[0;39m &amp#27;[34mINFO &amp#27;[0;39m &amp#27;[35mc.k.s.c.grpc.GrpcChunkerServiceTest&amp#27;[0;39m - Received the 210 document with 126 chunks
&amp#27;[36m20:14:55.559&amp#27;[0;39m &amp#27;[1;30m[io-executor-thread-17]&amp#27;[0;39m &amp#27;[34mINFO &amp#27;[0;39m &amp#27;[35mc.k.s.c.grpc.GrpcChunkerServiceTest&amp#27;[0;39m - Received the 211 document with 38 chunks
&amp#27;[36m20:14:55.556&amp#27;[0;39m &amp#27;[1;30m[io-executor-thread-3]&amp#27;[0;39m &amp#27;[34mINFO &amp#27;[0;39m &amp#27;[35mc.k.s.c.grpc.GrpcChunkerServiceTest&amp#27;[0;39m - Received the 178 document with 11 chunks
&amp#27;[36m20:14:55.559&amp#27;[0;39m &amp#27;[1;30m[io-executor-thread-27]&amp#27;[0;39m &amp#27;[34mINFO &amp#27;[0;39m &amp#27;[35mc.k.s.c.grpc.GrpcChunkerServiceTest&amp#27;[0;39m - Received the 214 document with 145 chunks
&amp#27;[36m20:14:55.559&amp#27;[0;39m &amp#27;[1;30m[io-executor-thread-2]&amp#27;[0;39m &amp#27;[34mINFO &amp#27;[0;39m &amp#27;[35mc.k.s.c.grpc.GrpcChunkerServiceTest&amp#27;[0;39m - Received the 217 document with 83 chunks
&amp#27;[36m20:14:55.559&amp#27;[0;39m &amp#27;[1;30m[io-executor-thread-26]&amp#27;[0;39m &amp#27;[34mINFO &amp#27;[0;39m &amp#27;[35mc.k.s.c.grpc.GrpcChunkerServiceTest&amp#27;[0;39m - Received the 218 document with 256 chunks
&amp#27;[36m20:14:55.560&amp#27;[0;39m &amp#27;[1;30m[io-executor-thread-34]&amp#27;[0;39m &amp#27;[34mINFO &amp#27;[0;39m &amp#27;[35mc.k.s.c.grpc.GrpcChunkerServiceTest&amp#27;[0;39m - Received the 220 document with 291 chunks
&amp#27;[36m20:14:55.560&amp#27;[0;39m &amp#27;[1;30m[io-executor-thread-29]&amp#27;[0;39m &amp#27;[34mINFO &amp#27;[0;39m &amp#27;[35mc.k.s.c.grpc.GrpcChunkerServiceTest&amp#27;[0;39m - Received the 219 document with 656 chunks
&amp#27;[36m20:14:55.560&amp#27;[0;39m &amp#27;[1;30m[io-executor-thread-24]&amp#27;[0;39m &amp#27;[34mINFO &amp#27;[0;39m &amp#27;[35mc.k.s.c.grpc.GrpcChunkerServiceTest&amp#27;[0;39m - Received the 221 document with 357 chunks
&amp#27;[36m20:14:55.560&amp#27;[0;39m &amp#27;[1;30m[io-executor-thread-40]&amp#27;[0;39m &amp#27;[34mINFO &amp#27;[0;39m &amp#27;[35mc.k.s.c.grpc.GrpcChunkerServiceTest&amp#27;[0;39m - Received the 222 document with 311 chunks
&amp#27;[36m20:14:55.560&amp#27;[0;39m &amp#27;[1;30m[io-executor-thread-19]&amp#27;[0;39m &amp#27;[34mINFO &amp#27;[0;39m &amp#27;[35mc.k.s.c.grpc.GrpcChunkerServiceTest&amp#27;[0;39m - Received the 223 document with 807 chunks
&amp#27;[36m20:14:55.560&amp#27;[0;39m &amp#27;[1;30m[io-executor-thread-47]&amp#27;[0;39m &amp#27;[34mINFO &amp#27;[0;39m &amp#27;[35mc.k.s.c.grpc.GrpcChunkerServiceTest&amp#27;[0;39m - Received the 224 document with 364 chunks
&amp#27;[36m20:14:55.560&amp#27;[0;39m &amp#27;[1;30m[io-executor-thread-45]&amp#27;[0;39m &amp#27;[34mINFO &amp#27;[0;39m &amp#27;[35mc.k.s.c.grpc.GrpcChunkerServiceTest&amp#27;[0;39m - Received the 225 document with 334 chunks
&amp#27;[36m20:14:55.560&amp#27;[0;39m &amp#27;[1;30m[io-executor-thread-11]&amp#27;[0;39m &amp#27;[34mINFO &amp#27;[0;39m &amp#27;[35mc.k.s.c.grpc.GrpcChunkerServiceTest&amp#27;[0;39m - Received the 226 document with 600 chunks
&amp#27;[36m20:14:55.556&amp#27;[0;39m &amp#27;[1;30m[io-executor-thread-25]&amp#27;[0;39m &amp#27;[34mINFO &amp#27;[0;39m &amp#27;[35mc.k.s.c.grpc.GrpcChunkerServiceTest&amp#27;[0;39m - Received the 182 document with 178 chunks
&amp#27;[36m20:14:55.560&amp#27;[0;39m &amp#27;[1;30m[io-executor-thread-37]&amp#27;[0;39m &amp#27;[34mINFO &amp#27;[0;39m &amp#27;[35mc.k.s.c.grpc.GrpcChunkerServiceTest&amp#27;[0;39m - Received the 227 document with 1 chunks
&amp#27;[36m20:14:55.560&amp#27;[0;39m &amp#27;[1;30m[io-executor-thread-43]&amp#27;[0;39m &amp#27;[34mINFO &amp#27;[0;39m &amp#27;[35mc.k.s.c.grpc.GrpcChunkerServiceTest&amp#27;[0;39m - Received the 228 document with 1026 chunks
&amp#27;[36m20:14:55.560&amp#27;[0;39m &amp#27;[1;30m[io-executor-thread-20]&amp#27;[0;39m &amp#27;[34mINFO &amp#27;[0;39m &amp#27;[35mc.k.s.c.grpc.GrpcChunkerServiceTest&amp#27;[0;39m - Received the 229 document with 647 chunks
&amp#27;[36m20:14:55.556&amp#27;[0;39m &amp#27;[1;30m[io-executor-thread-28]&amp#27;[0;39m &amp#27;[34mINFO &amp#27;[0;39m &amp#27;[35mc.k.s.c.grpc.GrpcChunkerServiceTest&amp#27;[0;39m - Received the 183 document with 23 chunks
&amp#27;[36m20:14:55.556&amp#27;[0;39m &amp#27;[1;30m[io-executor-thread-1]&amp#27;[0;39m &amp#27;[34mINFO &amp#27;[0;39m &amp#27;[35mc.k.s.c.grpc.GrpcChunkerServiceTest&amp#27;[0;39m - Received the 185 document with 38 chunks
&amp#27;[36m20:14:55.556&amp#27;[0;39m &amp#27;[1;30m[io-executor-thread-5]&amp#27;[0;39m &amp#27;[34mINFO &amp#27;[0;39m &amp#27;[35mc.k.s.c.grpc.GrpcChunkerServiceTest&amp#27;[0;39m - Received the 186 document with 178 chunks
&amp#27;[36m20:14:55.556&amp#27;[0;39m &amp#27;[1;30m[io-executor-thread-10]&amp#27;[0;39m &amp#27;[34mINFO &amp#27;[0;39m &amp#27;[35mc.k.s.c.grpc.GrpcChunkerServiceTest&amp#27;[0;39m - Received the 188 document with 5 chunks
&amp#27;[36m20:14:55.556&amp#27;[0;39m &amp#27;[1;30m[io-executor-thread-13]&amp#27;[0;39m &amp#27;[34mINFO &amp#27;[0;39m &amp#27;[35mc.k.s.c.grpc.GrpcChunkerServiceTest&amp#27;[0;39m - Received the 190 document with 8 chunks
&amp#27;[36m20:14:55.556&amp#27;[0;39m &amp#27;[1;30m[io-executor-thread-30]&amp#27;[0;39m &amp#27;[34mINFO &amp#27;[0;39m &amp#27;[35mc.k.s.c.grpc.GrpcChunkerServiceTest&amp#27;[0;39m - Received the 194 document with 10 chunks
&amp#27;[36m20:14:55.556&amp#27;[0;39m &amp#27;[1;30m[io-executor-thread-9]&amp#27;[0;39m &amp#27;[34mINFO &amp#27;[0;39m &amp#27;[35mc.k.s.c.grpc.GrpcChunkerServiceTest&amp#27;[0;39m - Received the 193 document with 192 chunks
&amp#27;[36m20:14:55.556&amp#27;[0;39m &amp#27;[1;30m[io-executor-thread-38]&amp#27;[0;39m &amp#27;[34mINFO &amp#27;[0;39m &amp#27;[35mc.k.s.c.grpc.GrpcChunkerServiceTest&amp#27;[0;39m - Received the 196 document with 22 chunks
&amp#27;[36m20:14:55.556&amp#27;[0;39m &amp#27;[1;30m[io-executor-thread-41]&amp#27;[0;39m &amp#27;[34mINFO &amp#27;[0;39m &amp#27;[35mc.k.s.c.grpc.GrpcChunkerServiceTest&amp#27;[0;39m - Received the 197 document with 15 chunks
&amp#27;[36m20:14:55.556&amp#27;[0;39m &amp#27;[1;30m[io-executor-thread-12]&amp#27;[0;39m &amp#27;[34mINFO &amp#27;[0;39m &amp#27;[35mc.k.s.c.grpc.GrpcChunkerServiceTest&amp#27;[0;39m - Received the 199 document with 135 chunks
&amp#27;[36m20:14:55.556&amp#27;[0;39m &amp#27;[1;30m[io-executor-thread-36]&amp#27;[0;39m &amp#27;[34mINFO &amp#27;[0;39m &amp#27;[35mc.k.s.c.grpc.GrpcChunkerServiceTest&amp#27;[0;39m - Received the 201 document with 25 chunks
&amp#27;[36m20:14:55.557&amp#27;[0;39m &amp#27;[1;30m[io-executor-thread-8]&amp#27;[0;39m &amp#27;[34mINFO &amp#27;[0;39m &amp#27;[35mc.k.s.c.grpc.GrpcChunkerServiceTest&amp#27;[0;39m - Received the 205 document with 19 chunks
&amp#27;[36m20:14:55.557&amp#27;[0;39m &amp#27;[1;30m[io-executor-thread-44]&amp#27;[0;39m &amp#27;[34mINFO &amp#27;[0;39m &amp#27;[35mc.k.s.c.grpc.GrpcChunkerServiceTest&amp#27;[0;39m - Received the 204 document with 1 chunks
&amp#27;[36m20:14:55.557&amp#27;[0;39m &amp#27;[1;30m[io-executor-thread-18]&amp#27;[0;39m &amp#27;[34mINFO &amp#27;[0;39m &amp#27;[35mc.k.s.c.grpc.GrpcChunkerServiceTest&amp#27;[0;39m - Received the 207 document with 1 chunks
&amp#27;[36m20:14:55.557&amp#27;[0;39m &amp#27;[1;30m[io-executor-thread-35]&amp#27;[0;39m &amp#27;[34mINFO &amp#27;[0;39m &amp#27;[35mc.k.s.c.grpc.GrpcChunkerServiceTest&amp#27;[0;39m - Received the 208 document with 88 chunks
&amp#27;[36m20:14:55.559&amp#27;[0;39m &amp#27;[1;30m[io-executor-thread-14]&amp#27;[0;39m &amp#27;[34mINFO &amp#27;[0;39m &amp#27;[35mc.k.s.c.grpc.GrpcChunkerServiceTest&amp#27;[0;39m - Received the 212 document with 13 chunks
&amp#27;[36m20:14:55.559&amp#27;[0;39m &amp#27;[1;30m[io-executor-thread-31]&amp#27;[0;39m &amp#27;[34mINFO &amp#27;[0;39m &amp#27;[35mc.k.s.c.grpc.GrpcChunkerServiceTest&amp#27;[0;39m - Received the 213 document with 18 chunks
&amp#27;[36m20:14:55.559&amp#27;[0;39m &amp#27;[1;30m[io-executor-thread-22]&amp#27;[0;39m &amp#27;[34mINFO &amp#27;[0;39m &amp#27;[35mc.k.s.c.grpc.GrpcChunkerServiceTest&amp#27;[0;39m - Received the 215 document with 10 chunks
&amp#27;[36m20:14:55.559&amp#27;[0;39m &amp#27;[1;30m[io-executor-thread-33]&amp#27;[0;39m &amp#27;[34mINFO &amp#27;[0;39m &amp#27;[35mc.k.s.c.grpc.GrpcChunkerServiceTest&amp#27;[0;39m - Received the 216 document with 92 chunks
&amp#27;[36m20:14:55.560&amp#27;[0;39m &amp#27;[1;30m[io-executor-thread-21]&amp#27;[0;39m &amp#27;[34mINFO &amp#27;[0;39m &amp#27;[35mc.k.s.c.grpc.GrpcChunkerServiceTest&amp#27;[0;39m - Received the 230 document with 1852 chunks
&amp#27;[36m20:14:55.561&amp#27;[0;39m &amp#27;[1;30m[io-executor-thread-30]&amp#27;[0;39m &amp#27;[34mINFO &amp#27;[0;39m &amp#27;[35mc.k.s.c.grpc.GrpcChunkerServiceTest&amp#27;[0;39m - Received the 232 document with 16 chunks
&amp#27;[36m20:14:55.561&amp#27;[0;39m &amp#27;[1;30m[io-executor-thread-21]&amp#27;[0;39m &amp#27;[34mINFO &amp#27;[0;39m &amp#27;[35mc.k.s.c.grpc.GrpcChunkerServiceTest&amp#27;[0;39m - Received the 231 document with 1 chunks
&amp#27;[36m20:14:55.562&amp#27;[0;39m &amp#27;[1;30m[io-executor-thread-22]&amp#27;[0;39m &amp#27;[34mINFO &amp#27;[0;39m &amp#27;[35mc.k.s.c.grpc.GrpcChunkerServiceTest&amp#27;[0;39m - Received the 233 document with 88 chunks
&amp#27;[36m20:14:55.562&amp#27;[0;39m &amp#27;[1;30m[io-executor-thread-22]&amp#27;[0;39m &amp#27;[34mINFO &amp#27;[0;39m &amp#27;[35mc.k.s.c.grpc.GrpcChunkerServiceTest&amp#27;[0;39m - Received the 234 document with 1 chunks
&amp#27;[36m20:14:55.562&amp#27;[0;39m &amp#27;[1;30m[io-executor-thread-30]&amp#27;[0;39m &amp#27;[34mINFO &amp#27;[0;39m &amp#27;[35mc.k.s.c.grpc.GrpcChunkerServiceTest&amp#27;[0;39m - Received the 236 document with 66 chunks
&amp#27;[36m20:14:55.562&amp#27;[0;39m &amp#27;[1;30m[io-executor-thread-21]&amp#27;[0;39m &amp#27;[34mINFO &amp#27;[0;39m &amp#27;[35mc.k.s.c.grpc.GrpcChunkerServiceTest&amp#27;[0;39m - Received the 235 document with 1 chunks
&amp#27;[36m20:14:55.562&amp#27;[0;39m &amp#27;[1;30m[io-executor-thread-33]&amp#27;[0;39m &amp#27;[34mINFO &amp#27;[0;39m &amp#27;[35mc.k.s.c.grpc.GrpcChunkerServiceTest&amp#27;[0;39m - Received the 237 document with 13 chunks
&amp#27;[36m20:14:55.562&amp#27;[0;39m &amp#27;[1;30m[io-executor-thread-22]&amp#27;[0;39m &amp#27;[34mINFO &amp#27;[0;39m &amp#27;[35mc.k.s.c.grpc.GrpcChunkerServiceTest&amp#27;[0;39m - Received the 240 document with 189 chunks
&amp#27;[36m20:14:55.562&amp#27;[0;39m &amp#27;[1;30m[io-executor-thread-31]&amp#27;[0;39m &amp#27;[34mINFO &amp#27;[0;39m &amp#27;[35mc.k.s.c.grpc.GrpcChunkerServiceTest&amp#27;[0;39m - Received the 238 document with 9 chunks
&amp#27;[36m20:14:55.562&amp#27;[0;39m &amp#27;[1;30m[io-executor-thread-36]&amp#27;[0;39m &amp#27;[34mINFO &amp#27;[0;39m &amp#27;[35mc.k.s.c.grpc.GrpcChunkerServiceTest&amp#27;[0;39m - Received the 239 document with 82 chunks
&amp#27;[36m20:14:55.562&amp#27;[0;39m &amp#27;[1;30m[io-executor-thread-21]&amp#27;[0;39m &amp#27;[34mINFO &amp#27;[0;39m &amp#27;[35mc.k.s.c.grpc.GrpcChunkerServiceTest&amp#27;[0;39m - Received the 242 document with 1 chunks
&amp#27;[36m20:14:55.562&amp#27;[0;39m &amp#27;[1;30m[io-executor-thread-14]&amp#27;[0;39m &amp#27;[34mINFO &amp#27;[0;39m &amp#27;[35mc.k.s.c.grpc.GrpcChunkerServiceTest&amp#27;[0;39m - Received the 241 document with 1 chunks
&amp#27;[36m20:14:55.562&amp#27;[0;39m &amp#27;[1;30m[io-executor-thread-30]&amp#27;[0;39m &amp#27;[34mINFO &amp#27;[0;39m &amp#27;[35mc.k.s.c.grpc.GrpcChunkerServiceTest&amp#27;[0;39m - Received the 243 document with 38 chunks
&amp#27;[36m20:14:55.562&amp#27;[0;39m &amp#27;[1;30m[io-executor-thread-33]&amp#27;[0;39m &amp#27;[34mINFO &amp#27;[0;39m &amp#27;[35mc.k.s.c.grpc.GrpcChunkerServiceTest&amp#27;[0;39m - Received the 244 document with 48 chunks
&amp#27;[36m20:14:55.562&amp#27;[0;39m &amp#27;[1;30m[io-executor-thread-35]&amp#27;[0;39m &amp#27;[34mINFO &amp#27;[0;39m &amp#27;[35mc.k.s.c.grpc.GrpcChunkerServiceTest&amp#27;[0;39m - Received the 245 document with 254 chunks
&amp#27;[36m20:14:55.564&amp#27;[0;39m &amp#27;[1;30m[io-executor-thread-33]&amp#27;[0;39m &amp#27;[34mINFO &amp#27;[0;39m &amp#27;[35mc.k.s.c.grpc.GrpcChunkerServiceTest&amp#27;[0;39m - Received the 246 document with 11 chunks
&amp#27;[36m20:14:55.564&amp#27;[0;39m &amp#27;[1;30m[io-executor-thread-31]&amp#27;[0;39m &amp#27;[34mINFO &amp#27;[0;39m &amp#27;[35mc.k.s.c.grpc.GrpcChunkerServiceTest&amp#27;[0;39m - Received the 249 document with 109 chunks
&amp#27;[36m20:14:55.564&amp#27;[0;39m &amp#27;[1;30m[io-executor-thread-35]&amp#27;[0;39m &amp#27;[34mINFO &amp#27;[0;39m &amp#27;[35mc.k.s.c.grpc.GrpcChunkerServiceTest&amp#27;[0;39m - Received the 252 document with 12 chunks
&amp#27;[36m20:14:55.564&amp#27;[0;39m &amp#27;[1;30m[io-executor-thread-22]&amp#27;[0;39m &amp#27;[34mINFO &amp#27;[0;39m &amp#27;[35mc.k.s.c.grpc.GrpcChunkerServiceTest&amp#27;[0;39m - Received the 250 document with 172 chunks
&amp#27;[36m20:14:55.564&amp#27;[0;39m &amp#27;[1;30m[io-executor-thread-21]&amp#27;[0;39m &amp#27;[34mINFO &amp#27;[0;39m &amp#27;[35mc.k.s.c.grpc.GrpcChunkerServiceTest&amp#27;[0;39m - Received the 248 document with 140 chunks
&amp#27;[36m20:14:55.564&amp#27;[0;39m &amp#27;[1;30m[io-executor-thread-30]&amp#27;[0;39m &amp#27;[34mINFO &amp#27;[0;39m &amp#27;[35mc.k.s.c.grpc.GrpcChunkerServiceTest&amp#27;[0;39m - Received the 247 document with 41 chunks
&amp#27;[36m20:14:55.564&amp#27;[0;39m &amp#27;[1;30m[io-executor-thread-36]&amp#27;[0;39m &amp#27;[34mINFO &amp#27;[0;39m &amp#27;[35mc.k.s.c.grpc.GrpcChunkerServiceTest&amp#27;[0;39m - Received the 251 document with 2 chunks
&amp#27;[36m20:14:55.564&amp#27;[0;39m &amp#27;[1;30m[io-executor-thread-14]&amp#27;[0;39m &amp#27;[34mINFO &amp#27;[0;39m &amp#27;[35mc.k.s.c.grpc.GrpcChunkerServiceTest&amp#27;[0;39m - Received the 253 document with 237 chunks
&amp#27;[36m20:14:55.564&amp#27;[0;39m &amp#27;[1;30m[io-executor-thread-12]&amp#27;[0;39m &amp#27;[34mINFO &amp#27;[0;39m &amp#27;[35mc.k.s.c.grpc.GrpcChunkerServiceTest&amp#27;[0;39m - Received the 254 document with 12 chunks
&amp#27;[36m20:14:55.564&amp#27;[0;39m &amp#27;[1;30m[io-executor-thread-14]&amp#27;[0;39m &amp#27;[34mINFO &amp#27;[0;39m &amp#27;[35mc.k.s.c.grpc.GrpcChunkerServiceTest&amp#27;[0;39m - Received the 255 document with 131 chunks
&amp#27;[36m20:14:55.564&amp#27;[0;39m &amp#27;[1;30m[io-executor-thread-31]&amp#27;[0;39m &amp#27;[34mINFO &amp#27;[0;39m &amp#27;[35mc.k.s.c.grpc.GrpcChunkerServiceTest&amp#27;[0;39m - Received the 257 document with 11 chunks
&amp#27;[36m20:14:55.564&amp#27;[0;39m &amp#27;[1;30m[io-executor-thread-30]&amp#27;[0;39m &amp#27;[34mINFO &amp#27;[0;39m &amp#27;[35mc.k.s.c.grpc.GrpcChunkerServiceTest&amp#27;[0;39m - Received the 256 document with 8 chunks
&amp#27;[36m20:14:55.564&amp#27;[0;39m &amp#27;[1;30m[io-executor-thread-35]&amp#27;[0;39m &amp#27;[34mINFO &amp#27;[0;39m &amp#27;[35mc.k.s.c.grpc.GrpcChunkerServiceTest&amp#27;[0;39m - Received the 258 document with 1 chunks
&amp#27;[36m20:14:55.564&amp#27;[0;39m &amp#27;[1;30m[io-executor-thread-36]&amp#27;[0;39m &amp#27;[34mINFO &amp#27;[0;39m &amp#27;[35mc.k.s.c.grpc.GrpcChunkerServiceTest&amp#27;[0;39m - Received the 259 document with 3 chunks
&amp#27;[36m20:14:55.564&amp#27;[0;39m &amp#27;[1;30m[io-executor-thread-31]&amp#27;[0;39m &amp#27;[34mINFO &amp#27;[0;39m &amp#27;[35mc.k.s.c.grpc.GrpcChunkerServiceTest&amp#27;[0;39m - Received the 260 document with 25 chunks
&amp#27;[36m20:14:55.565&amp#27;[0;39m &amp#27;[1;30m[io-executor-thread-36]&amp#27;[0;39m &amp#27;[34mINFO &amp#27;[0;39m &amp#27;[35mc.k.s.c.grpc.GrpcChunkerServiceTest&amp#27;[0;39m - Received the 261 document with 9 chunks
&amp#27;[36m20:14:55.565&amp#27;[0;39m &amp#27;[1;30m[io-executor-thread-21]&amp#27;[0;39m &amp#27;[34mINFO &amp#27;[0;39m &amp#27;[35mc.k.s.c.grpc.GrpcChunkerServiceTest&amp#27;[0;39m - Received the 262 document with 10 chunks
&amp#27;[36m20:14:55.565&amp#27;[0;39m &amp#27;[1;30m[io-executor-thread-18]&amp#27;[0;39m &amp#27;[34mINFO &amp#27;[0;39m &amp#27;[35mc.k.s.c.grpc.GrpcChunkerServiceTest&amp#27;[0;39m - Received the 263 document with 16 chunks
&amp#27;[36m20:14:55.565&amp#27;[0;39m &amp#27;[1;30m[io-executor-thread-21]&amp#27;[0;39m &amp#27;[34mINFO &amp#27;[0;39m &amp#27;[35mc.k.s.c.grpc.GrpcChunkerServiceTest&amp#27;[0;39m - Received the 264 document with 17 chunks
&amp#27;[36m20:14:55.565&amp#27;[0;39m &amp#27;[1;30m[io-executor-thread-31]&amp#27;[0;39m &amp#27;[34mINFO &amp#27;[0;39m &amp#27;[35mc.k.s.c.grpc.GrpcChunkerServiceTest&amp#27;[0;39m - Received the 265 document with 8 chunks
&amp#27;[36m20:14:55.565&amp#27;[0;39m &amp#27;[1;30m[io-executor-thread-21]&amp#27;[0;39m &amp#27;[34mINFO &amp#27;[0;39m &amp#27;[35mc.k.s.c.grpc.GrpcChunkerServiceTest&amp#27;[0;39m - Received the 266 document with 1 chunks
&amp#27;[36m20:14:55.565&amp#27;[0;39m &amp#27;[1;30m[io-executor-thread-36]&amp#27;[0;39m &amp#27;[34mINFO &amp#27;[0;39m &amp#27;[35mc.k.s.c.grpc.GrpcChunkerServiceTest&amp#27;[0;39m - Received the 267 document with 1 chunks
&amp#27;[36m20:14:55.565&amp#27;[0;39m &amp#27;[1;30m[io-executor-thread-31]&amp#27;[0;39m &amp#27;[34mINFO &amp#27;[0;39m &amp#27;[35mc.k.s.c.grpc.GrpcChunkerServiceTest&amp#27;[0;39m - Received the 268 document with 63 chunks
&amp#27;[36m20:14:55.565&amp#27;[0;39m &amp#27;[1;30m[io-executor-thread-18]&amp#27;[0;39m &amp#27;[34mINFO &amp#27;[0;39m &amp#27;[35mc.k.s.c.grpc.GrpcChunkerServiceTest&amp#27;[0;39m - Received the 269 document with 17 chunks
&amp#27;[36m20:14:55.565&amp#27;[0;39m &amp#27;[1;30m[io-executor-thread-31]&amp#27;[0;39m &amp#27;[34mINFO &amp#27;[0;39m &amp#27;[35mc.k.s.c.grpc.GrpcChunkerServiceTest&amp#27;[0;39m - Received the 270 document with 11 chunks
&amp#27;[36m20:14:55.565&amp#27;[0;39m &amp#27;[1;30m[io-executor-thread-21]&amp#27;[0;39m &amp#27;[34mINFO &amp#27;[0;39m &amp#27;[35mc.k.s.c.grpc.GrpcChunkerServiceTest&amp#27;[0;39m - Received the 271 document with 134 chunks
&amp#27;[36m20:14:55.565&amp#27;[0;39m &amp#27;[1;30m[io-executor-thread-36]&amp#27;[0;39m &amp#27;[34mINFO &amp#27;[0;39m &amp#27;[35mc.k.s.c.grpc.GrpcChunkerServiceTest&amp#27;[0;39m - Received the 272 document with 173 chunks
&amp#27;[36m20:14:55.565&amp#27;[0;39m &amp#27;[1;30m[io-executor-thread-31]&amp#27;[0;39m &amp#27;[34mINFO &amp#27;[0;39m &amp#27;[35mc.k.s.c.grpc.GrpcChunkerServiceTest&amp#27;[0;39m - Received the 273 document with 1 chunks
&amp#27;[36m20:14:55.565&amp#27;[0;39m &amp#27;[1;30m[io-executor-thread-35]&amp#27;[0;39m &amp#27;[34mINFO &amp#27;[0;39m &amp#27;[35mc.k.s.c.grpc.GrpcChunkerServiceTest&amp#27;[0;39m - Received the 274 document with 1 chunks
&amp#27;[36m20:14:55.565&amp#27;[0;39m &amp#27;[1;30m[io-executor-thread-18]&amp#27;[0;39m &amp#27;[34mINFO &amp#27;[0;39m &amp#27;[35mc.k.s.c.grpc.GrpcChunkerServiceTest&amp#27;[0;39m - Received the 275 document with 2 chunks
&amp#27;[36m20:14:55.565&amp#27;[0;39m &amp#27;[1;30m[io-executor-thread-31]&amp#27;[0;39m &amp#27;[34mINFO &amp#27;[0;39m &amp#27;[35mc.k.s.c.grpc.GrpcChunkerServiceTest&amp#27;[0;39m - Received the 276 document with 43 chunks
&amp#27;[36m20:14:55.565&amp#27;[0;39m &amp#27;[1;30m[io-executor-thread-21]&amp#27;[0;39m &amp#27;[34mINFO &amp#27;[0;39m &amp#27;[35mc.k.s.c.grpc.GrpcChunkerServiceTest&amp#27;[0;39m - Received the 277 document with 238 chunks
&amp#27;[36m20:14:55.565&amp#27;[0;39m &amp#27;[1;30m[io-executor-thread-31]&amp#27;[0;39m &amp#27;[34mINFO &amp#27;[0;39m &amp#27;[35mc.k.s.c.grpc.GrpcChunkerServiceTest&amp#27;[0;39m - Received the 278 document with 1 chunks
&amp#27;[36m20:14:55.565&amp#27;[0;39m &amp#27;[1;30m[io-executor-thread-35]&amp#27;[0;39m &amp#27;[34mINFO &amp#27;[0;39m &amp#27;[35mc.k.s.c.grpc.GrpcChunkerServiceTest&amp#27;[0;39m - Received the 279 document with 2 chunks
&amp#27;[36m20:14:55.566&amp#27;[0;39m &amp#27;[1;30m[io-executor-thread-31]&amp#27;[0;39m &amp#27;[34mINFO &amp#27;[0;39m &amp#27;[35mc.k.s.c.grpc.GrpcChunkerServiceTest&amp#27;[0;39m - Received the 280 document with 1 chunks
&amp#27;[36m20:14:55.566&amp#27;[0;39m &amp#27;[1;30m[io-executor-thread-21]&amp#27;[0;39m &amp#27;[34mINFO &amp#27;[0;39m &amp#27;[35mc.k.s.c.grpc.GrpcChunkerServiceTest&amp#27;[0;39m - Received the 281 document with 20 chunks
&amp#27;[36m20:14:55.566&amp#27;[0;39m &amp#27;[1;30m[io-executor-thread-35]&amp#27;[0;39m &amp#27;[34mINFO &amp#27;[0;39m &amp#27;[35mc.k.s.c.grpc.GrpcChunkerServiceTest&amp#27;[0;39m - Received the 285 document with 63 chunks
&amp#27;[36m20:14:55.566&amp#27;[0;39m &amp#27;[1;30m[io-executor-thread-21]&amp#27;[0;39m &amp#27;[34mINFO &amp#27;[0;39m &amp#27;[35mc.k.s.c.grpc.GrpcChunkerServiceTest&amp#27;[0;39m - Received the 290 document with 15 chunks
&amp#27;[36m20:14:55.566&amp#27;[0;39m &amp#27;[1;30m[io-executor-thread-35]&amp#27;[0;39m &amp#27;[34mINFO &amp#27;[0;39m &amp#27;[35mc.k.s.c.grpc.GrpcChunkerServiceTest&amp#27;[0;39m - Received the 293 document with 285 chunks
&amp#27;[36m20:14:55.566&amp#27;[0;39m &amp#27;[1;30m[io-executor-thread-31]&amp#27;[0;39m &amp#27;[34mINFO &amp#27;[0;39m &amp#27;[35mc.k.s.c.grpc.GrpcChunkerServiceTest&amp#27;[0;39m - Received the 283 document with 11 chunks
&amp#27;[36m20:14:55.566&amp#27;[0;39m &amp#27;[1;30m[io-executor-thread-35]&amp#27;[0;39m &amp#27;[34mINFO &amp#27;[0;39m &amp#27;[35mc.k.s.c.grpc.GrpcChunkerServiceTest&amp#27;[0;39m - Received the 297 document with 72 chunks
&amp#27;[36m20:14:55.566&amp#27;[0;39m &amp#27;[1;30m[io-executor-thread-18]&amp#27;[0;39m &amp#27;[34mINFO &amp#27;[0;39m &amp#27;[35mc.k.s.c.grpc.GrpcChunkerServiceTest&amp#27;[0;39m - Received the 282 document with 1 chunks
&amp#27;[36m20:14:55.566&amp#27;[0;39m &amp#27;[1;30m[io-executor-thread-36]&amp#27;[0;39m &amp#27;[34mINFO &amp#27;[0;39m &amp#27;[35mc.k.s.c.grpc.GrpcChunkerServiceTest&amp#27;[0;39m - Received the 284 document with 26 chunks
&amp#27;[36m20:14:55.566&amp#27;[0;39m &amp#27;[1;30m[io-executor-thread-13]&amp#27;[0;39m &amp#27;[34mINFO &amp#27;[0;39m &amp#27;[35mc.k.s.c.grpc.GrpcChunkerServiceTest&amp#27;[0;39m - Received the 304 document with 1 chunks
&amp#27;[36m20:14:55.566&amp#27;[0;39m &amp#27;[1;30m[io-executor-thread-12]&amp#27;[0;39m &amp#27;[34mINFO &amp#27;[0;39m &amp#27;[35mc.k.s.c.grpc.GrpcChunkerServiceTest&amp#27;[0;39m - Received the 286 document with 9 chunks
&amp#27;[36m20:14:55.566&amp#27;[0;39m &amp#27;[1;30m[io-executor-thread-28]&amp#27;[0;39m &amp#27;[34mINFO &amp#27;[0;39m &amp#27;[35mc.k.s.c.grpc.GrpcChunkerServiceTest&amp#27;[0;39m - Received the 305 document with 40 chunks
&amp#27;[36m20:14:55.566&amp#27;[0;39m &amp#27;[1;30m[io-executor-thread-12]&amp#27;[0;39m &amp#27;[34mINFO &amp#27;[0;39m &amp#27;[35mc.k.s.c.grpc.GrpcChunkerServiceTest&amp#27;[0;39m - Received the 309 document with 13 chunks
&amp#27;[36m20:14:55.566&amp#27;[0;39m &amp#27;[1;30m[io-executor-thread-22]&amp#27;[0;39m &amp#27;[34mINFO &amp#27;[0;39m &amp#27;[35mc.k.s.c.grpc.GrpcChunkerServiceTest&amp#27;[0;39m - Received the 287 document with 10 chunks
&amp#27;[36m20:14:55.566&amp#27;[0;39m &amp#27;[1;30m[io-executor-thread-20]&amp#27;[0;39m &amp#27;[34mINFO &amp#27;[0;39m &amp#27;[35mc.k.s.c.grpc.GrpcChunkerServiceTest&amp#27;[0;39m - Received the 312 document with 32 chunks
&amp#27;[36m20:14:55.566&amp#27;[0;39m &amp#27;[1;30m[io-executor-thread-6]&amp#27;[0;39m &amp#27;[34mINFO &amp#27;[0;39m &amp#27;[35mc.k.s.c.grpc.GrpcChunkerServiceTest&amp#27;[0;39m - Received the 314 document with 13 chunks
&amp#27;[36m20:14:55.566&amp#27;[0;39m &amp#27;[1;30m[io-executor-thread-30]&amp#27;[0;39m &amp#27;[34mINFO &amp#27;[0;39m &amp#27;[35mc.k.s.c.grpc.GrpcChunkerServiceTest&amp#27;[0;39m - Received the 288 document with 1 chunks
&amp#27;[36m20:14:55.566&amp#27;[0;39m &amp#27;[1;30m[io-executor-thread-14]&amp#27;[0;39m &amp#27;[34mINFO &amp#27;[0;39m &amp#27;[35mc.k.s.c.grpc.GrpcChunkerServiceTest&amp#27;[0;39m - Received the 289 document with 37 chunks
&amp#27;[36m20:14:55.566&amp#27;[0;39m &amp#27;[1;30m[io-executor-thread-10]&amp#27;[0;39m &amp#27;[34mINFO &amp#27;[0;39m &amp#27;[35mc.k.s.c.grpc.GrpcChunkerServiceTest&amp#27;[0;39m - Received the 291 document with 60 chunks
&amp#27;[36m20:14:55.566&amp#27;[0;39m &amp#27;[1;30m[io-executor-thread-8]&amp#27;[0;39m &amp#27;[34mINFO &amp#27;[0;39m &amp#27;[35mc.k.s.c.grpc.GrpcChunkerServiceTest&amp#27;[0;39m - Received the 292 document with 12 chunks
&amp#27;[36m20:14:55.566&amp#27;[0;39m &amp#27;[1;30m[io-executor-thread-21]&amp#27;[0;39m &amp#27;[34mINFO &amp#27;[0;39m &amp#27;[35mc.k.s.c.grpc.GrpcChunkerServiceTest&amp#27;[0;39m - Received the 296 document with 21 chunks
&amp#27;[36m20:14:55.566&amp#27;[0;39m &amp#27;[1;30m[io-executor-thread-38]&amp#27;[0;39m &amp#27;[34mINFO &amp#27;[0;39m &amp#27;[35mc.k.s.c.grpc.GrpcChunkerServiceTest&amp#27;[0;39m - Received the 295 document with 2 chunks
&amp#27;[36m20:14:55.566&amp#27;[0;39m &amp#27;[1;30m[io-executor-thread-8]&amp#27;[0;39m &amp#27;[34mINFO &amp#27;[0;39m &amp#27;[35mc.k.s.c.grpc.GrpcChunkerServiceTest&amp#27;[0;39m - Received the 317 document with 130 chunks
&amp#27;[36m20:14:55.566&amp#27;[0;39m &amp#27;[1;30m[io-executor-thread-49]&amp#27;[0;39m &amp#27;[34mINFO &amp#27;[0;39m &amp#27;[35mc.k.s.c.grpc.GrpcChunkerServiceTest&amp#27;[0;39m - Received the 294 document with 12 chunks
&amp#27;[36m20:14:55.566&amp#27;[0;39m &amp#27;[1;30m[io-executor-thread-33]&amp#27;[0;39m &amp#27;[34mINFO &amp#27;[0;39m &amp#27;[35mc.k.s.c.grpc.GrpcChunkerServiceTest&amp#27;[0;39m - Received the 298 document with 1 chunks
&amp#27;[36m20:14:55.566&amp#27;[0;39m &amp#27;[1;30m[io-executor-thread-41]&amp#27;[0;39m &amp#27;[34mINFO &amp#27;[0;39m &amp#27;[35mc.k.s.c.grpc.GrpcChunkerServiceTest&amp#27;[0;39m - Received the 299 document with 62 chunks
&amp#27;[36m20:14:55.566&amp#27;[0;39m &amp#27;[1;30m[io-executor-thread-35]&amp#27;[0;39m &amp#27;[34mINFO &amp#27;[0;39m &amp#27;[35mc.k.s.c.grpc.GrpcChunkerServiceTest&amp#27;[0;39m - Received the 301 document with 35 chunks
&amp#27;[36m20:14:55.566&amp#27;[0;39m &amp#27;[1;30m[io-executor-thread-9]&amp#27;[0;39m &amp#27;[34mINFO &amp#27;[0;39m &amp#27;[35mc.k.s.c.grpc.GrpcChunkerServiceTest&amp#27;[0;39m - Received the 300 document with 52 chunks
&amp#27;[36m20:14:55.567&amp#27;[0;39m &amp#27;[1;30m[io-executor-thread-38]&amp#27;[0;39m &amp#27;[34mINFO &amp#27;[0;39m &amp#27;[35mc.k.s.c.grpc.GrpcChunkerServiceTest&amp#27;[0;39m - Received the 322 document with 1 chunks
&amp#27;[36m20:14:55.567&amp#27;[0;39m &amp#27;[1;30m[io-executor-thread-21]&amp#27;[0;39m &amp#27;[34mINFO &amp#27;[0;39m &amp#27;[35mc.k.s.c.grpc.GrpcChunkerServiceTest&amp#27;[0;39m - Received the 323 document with 1 chunks
&amp#27;[36m20:14:55.567&amp#27;[0;39m &amp#27;[1;30m[io-executor-thread-38]&amp#27;[0;39m &amp#27;[34mINFO &amp#27;[0;39m &amp#27;[35mc.k.s.c.grpc.GrpcChunkerServiceTest&amp#27;[0;39m - Received the 329 document with 9 chunks
&amp#27;[36m20:14:55.567&amp#27;[0;39m &amp#27;[1;30m[io-executor-thread-6]&amp#27;[0;39m &amp#27;[34mINFO &amp#27;[0;39m &amp#27;[35mc.k.s.c.grpc.GrpcChunkerServiceTest&amp#27;[0;39m - Received the 328 document with 1 chunks
&amp#27;[36m20:14:55.566&amp#27;[0;39m &amp#27;[1;30m[io-executor-thread-44]&amp#27;[0;39m &amp#27;[34mINFO &amp#27;[0;39m &amp#27;[35mc.k.s.c.grpc.GrpcChunkerServiceTest&amp#27;[0;39m - Received the 303 document with 1 chunks
&amp#27;[36m20:14:55.566&amp#27;[0;39m &amp#27;[1;30m[io-executor-thread-31]&amp#27;[0;39m &amp#27;[34mINFO &amp#27;[0;39m &amp#27;[35mc.k.s.c.grpc.GrpcChunkerServiceTest&amp#27;[0;39m - Received the 302 document with 1 chunks
&amp#27;[36m20:14:55.566&amp#27;[0;39m &amp#27;[1;30m[io-executor-thread-36]&amp#27;[0;39m &amp#27;[34mINFO &amp#27;[0;39m &amp#27;[35mc.k.s.c.grpc.GrpcChunkerServiceTest&amp#27;[0;39m - Received the 306 document with 1 chunks
&amp#27;[36m20:14:55.567&amp#27;[0;39m &amp#27;[1;30m[io-executor-thread-6]&amp#27;[0;39m &amp#27;[34mINFO &amp#27;[0;39m &amp#27;[35mc.k.s.c.grpc.GrpcChunkerServiceTest&amp#27;[0;39m - Received the 333 document with 101 chunks
&amp#27;[36m20:14:55.566&amp#27;[0;39m &amp#27;[1;30m[io-executor-thread-13]&amp#27;[0;39m &amp#27;[34mINFO &amp#27;[0;39m &amp#27;[35mc.k.s.c.grpc.GrpcChunkerServiceTest&amp#27;[0;39m - Received the 307 document with 264 chunks
&amp#27;[36m20:14:55.566&amp#27;[0;39m &amp#27;[1;30m[io-executor-thread-1]&amp#27;[0;39m &amp#27;[34mINFO &amp#27;[0;39m &amp#27;[35mc.k.s.c.grpc.GrpcChunkerServiceTest&amp#27;[0;39m - Received the 308 document with 1 chunks
&amp#27;[36m20:14:55.567&amp#27;[0;39m &amp#27;[1;30m[io-executor-thread-39]&amp#27;[0;39m &amp#27;[34mINFO &amp#27;[0;39m &amp#27;[35mc.k.s.c.grpc.GrpcChunkerServiceTest&amp#27;[0;39m - Received the 347 document with 12 chunks
&amp#27;[36m20:14:55.566&amp#27;[0;39m &amp#27;[1;30m[io-executor-thread-12]&amp#27;[0;39m &amp#27;[34mINFO &amp#27;[0;39m &amp#27;[35mc.k.s.c.grpc.GrpcChunkerServiceTest&amp#27;[0;39m - Received the 311 document with 16 chunks
&amp#27;[36m20:14:55.567&amp#27;[0;39m &amp#27;[1;30m[io-executor-thread-13]&amp#27;[0;39m &amp#27;[34mINFO &amp#27;[0;39m &amp#27;[35mc.k.s.c.grpc.GrpcChunkerServiceTest&amp#27;[0;39m - Received the 353 document with 271 chunks
&amp#27;[36m20:14:55.567&amp#27;[0;39m &amp#27;[1;30m[io-executor-thread-19]&amp#27;[0;39m &amp#27;[34mINFO &amp#27;[0;39m &amp#27;[35mc.k.s.c.grpc.GrpcChunkerServiceTest&amp#27;[0;39m - Received the 351 document with 214 chunks
&amp#27;[36m20:14:55.566&amp#27;[0;39m &amp#27;[1;30m[io-executor-thread-5]&amp#27;[0;39m &amp#27;[34mINFO &amp#27;[0;39m &amp#27;[35mc.k.s.c.grpc.GrpcChunkerServiceTest&amp#27;[0;39m - Received the 310 document with 9 chunks
&amp#27;[36m20:14:55.567&amp#27;[0;39m &amp#27;[1;30m[io-executor-thread-29]&amp#27;[0;39m &amp#27;[34mINFO &amp#27;[0;39m &amp#27;[35mc.k.s.c.grpc.GrpcChunkerServiceTest&amp#27;[0;39m - Received the 354 document with 371 chunks
&amp#27;[36m20:14:55.568&amp#27;[0;39m &amp#27;[1;30m[io-executor-thread-16]&amp#27;[0;39m &amp#27;[34mINFO &amp#27;[0;39m &amp#27;[35mc.k.s.c.grpc.GrpcChunkerServiceTest&amp#27;[0;39m - Received the 355 document with 719 chunks
&amp#27;[36m20:14:55.568&amp#27;[0;39m &amp#27;[1;30m[io-executor-thread-13]&amp#27;[0;39m &amp#27;[34mINFO &amp#27;[0;39m &amp#27;[35mc.k.s.c.grpc.GrpcChunkerServiceTest&amp#27;[0;39m - Received the 356 document with 672 chunks
&amp#27;[36m20:14:55.568&amp#27;[0;39m &amp#27;[1;30m[io-executor-thread-1]&amp#27;[0;39m &amp#27;[34mINFO &amp#27;[0;39m &amp#27;[35mc.k.s.c.grpc.GrpcChunkerServiceTest&amp#27;[0;39m - Received the 357 document with 350 chunks
&amp#27;[36m20:14:55.568&amp#27;[0;39m &amp#27;[1;30m[io-executor-thread-26]&amp#27;[0;39m &amp#27;[34mINFO &amp#27;[0;39m &amp#27;[35mc.k.s.c.grpc.GrpcChunkerServiceTest&amp#27;[0;39m - Received the 359 document with 413 chunks
&amp#27;[36m20:14:55.568&amp#27;[0;39m &amp#27;[1;30m[io-executor-thread-27]&amp#27;[0;39m &amp#27;[34mINFO &amp#27;[0;39m &amp#27;[35mc.k.s.c.grpc.GrpcChunkerServiceTest&amp#27;[0;39m - Received the 360 document with 391 chunks
&amp#27;[36m20:14:55.566&amp#27;[0;39m &amp#27;[1;30m[io-executor-thread-28]&amp#27;[0;39m &amp#27;[34mINFO &amp#27;[0;39m &amp#27;[35mc.k.s.c.grpc.GrpcChunkerServiceTest&amp#27;[0;39m - Received the 313 document with 16 chunks
&amp#27;[36m20:14:55.568&amp#27;[0;39m &amp#27;[1;30m[io-executor-thread-32]&amp#27;[0;39m &amp#27;[34mINFO &amp#27;[0;39m &amp#27;[35mc.k.s.c.grpc.GrpcChunkerServiceTest&amp#27;[0;39m - Received the 362 document with 311 chunks
&amp#27;[36m20:14:55.568&amp#27;[0;39m &amp#27;[1;30m[io-executor-thread-19]&amp#27;[0;39m &amp#27;[34mINFO &amp#27;[0;39m &amp#27;[35mc.k.s.c.grpc.GrpcChunkerServiceTest&amp#27;[0;39m - Received the 363 document with 1003 chunks
&amp#27;[36m20:14:55.566&amp#27;[0;39m &amp#27;[1;30m[io-executor-thread-43]&amp#27;[0;39m &amp#27;[34mINFO &amp#27;[0;39m &amp#27;[35mc.k.s.c.grpc.GrpcChunkerServiceTest&amp#27;[0;39m - Received the 316 document with 124 chunks
&amp#27;[36m20:14:55.566&amp#27;[0;39m &amp#27;[1;30m[io-executor-thread-18]&amp#27;[0;39m &amp#27;[34mINFO &amp#27;[0;39m &amp#27;[35mc.k.s.c.grpc.GrpcChunkerServiceTest&amp#27;[0;39m - Received the 315 document with 198 chunks
&amp#27;[36m20:14:55.568&amp#27;[0;39m &amp#27;[1;30m[io-executor-thread-2]&amp#27;[0;39m &amp#27;[34mINFO &amp#27;[0;39m &amp#27;[35mc.k.s.c.grpc.GrpcChunkerServiceTest&amp#27;[0;39m - Received the 364 document with 262 chunks
&amp#27;[36m20:14:55.567&amp#27;[0;39m &amp#27;[1;30m[io-executor-thread-33]&amp#27;[0;39m &amp#27;[34mINFO &amp#27;[0;39m &amp#27;[35mc.k.s.c.grpc.GrpcChunkerServiceTest&amp#27;[0;39m - Received the 318 document with 70 chunks
&amp#27;[36m20:14:55.567&amp#27;[0;39m &amp#27;[1;30m[io-executor-thread-49]&amp#27;[0;39m &amp#27;[34mINFO &amp#27;[0;39m &amp#27;[35mc.k.s.c.grpc.GrpcChunkerServiceTest&amp#27;[0;39m - Received the 319 document with 8 chunks
&amp#27;[36m20:14:55.567&amp#27;[0;39m &amp#27;[1;30m[io-executor-thread-41]&amp#27;[0;39m &amp#27;[34mINFO &amp#27;[0;39m &amp#27;[35mc.k.s.c.grpc.GrpcChunkerServiceTest&amp#27;[0;39m - Received the 321 document with 1 chunks
&amp#27;[36m20:14:55.567&amp#27;[0;39m &amp#27;[1;30m[io-executor-thread-35]&amp#27;[0;39m &amp#27;[34mINFO &amp#27;[0;39m &amp#27;[35mc.k.s.c.grpc.GrpcChunkerServiceTest&amp#27;[0;39m - Received the 324 document with 1 chunks
&amp#27;[36m20:14:55.567&amp#27;[0;39m &amp#27;[1;30m[io-executor-thread-8]&amp#27;[0;39m &amp#27;[34mINFO &amp#27;[0;39m &amp#27;[35mc.k.s.c.grpc.GrpcChunkerServiceTest&amp#27;[0;39m - Received the 320 document with 14 chunks
&amp#27;[36m20:14:55.567&amp#27;[0;39m &amp#27;[1;30m[io-executor-thread-10]&amp#27;[0;39m &amp#27;[34mINFO &amp#27;[0;39m &amp#27;[35mc.k.s.c.grpc.GrpcChunkerServiceTest&amp#27;[0;39m - Received the 325 document with 10 chunks
&amp#27;[36m20:14:55.567&amp#27;[0;39m &amp#27;[1;30m[io-executor-thread-14]&amp#27;[0;39m &amp#27;[34mINFO &amp#27;[0;39m &amp#27;[35mc.k.s.c.grpc.GrpcChunkerServiceTest&amp#27;[0;39m - Received the 326 document with 10 chunks
&amp#27;[36m20:14:55.567&amp#27;[0;39m &amp#27;[1;30m[io-executor-thread-30]&amp#27;[0;39m &amp#27;[34mINFO &amp#27;[0;39m &amp#27;[35mc.k.s.c.grpc.GrpcChunkerServiceTest&amp#27;[0;39m - Received the 327 document with 15 chunks
&amp#27;[36m20:14:55.567&amp#27;[0;39m &amp#27;[1;30m[io-executor-thread-21]&amp#27;[0;39m &amp#27;[34mINFO &amp#27;[0;39m &amp#27;[35mc.k.s.c.grpc.GrpcChunkerServiceTest&amp#27;[0;39m - Received the 330 document with 152 chunks
&amp#27;[36m20:14:55.567&amp#27;[0;39m &amp#27;[1;30m[io-executor-thread-38]&amp#27;[0;39m &amp#27;[34mINFO &amp#27;[0;39m &amp#27;[35mc.k.s.c.grpc.GrpcChunkerServiceTest&amp#27;[0;39m - Received the 331 document with 255 chunks
&amp#27;[36m20:14:55.567&amp#27;[0;39m &amp#27;[1;30m[io-executor-thread-9]&amp#27;[0;39m &amp#27;[34mINFO &amp#27;[0;39m &amp#27;[35mc.k.s.c.grpc.GrpcChunkerServiceTest&amp#27;[0;39m - Received the 334 document with 1 chunks
&amp#27;[36m20:14:55.567&amp#27;[0;39m &amp#27;[1;30m[io-executor-thread-44]&amp#27;[0;39m &amp#27;[34mINFO &amp#27;[0;39m &amp#27;[35mc.k.s.c.grpc.GrpcChunkerServiceTest&amp#27;[0;39m - Received the 332 document with 17 chunks
&amp#27;[36m20:14:55.567&amp#27;[0;39m &amp#27;[1;30m[io-executor-thread-20]&amp#27;[0;39m &amp#27;[34mINFO &amp#27;[0;39m &amp#27;[35mc.k.s.c.grpc.GrpcChunkerServiceTest&amp#27;[0;39m - Received the 335 document with 10 chunks
&amp#27;[36m20:14:55.567&amp#27;[0;39m &amp#27;[1;30m[io-executor-thread-22]&amp#27;[0;39m &amp#27;[34mINFO &amp#27;[0;39m &amp#27;[35mc.k.s.c.grpc.GrpcChunkerServiceTest&amp#27;[0;39m - Received the 336 document with 14 chunks
&amp#27;[36m20:14:55.567&amp#27;[0;39m &amp#27;[1;30m[io-executor-thread-31]&amp#27;[0;39m &amp#27;[34mINFO &amp#27;[0;39m &amp#27;[35mc.k.s.c.grpc.GrpcChunkerServiceTest&amp#27;[0;39m - Received the 337 document with 78 chunks
&amp#27;[36m20:14:55.567&amp#27;[0;39m &amp#27;[1;30m[io-executor-thread-37]&amp#27;[0;39m &amp#27;[34mINFO &amp#27;[0;39m &amp#27;[35mc.k.s.c.grpc.GrpcChunkerServiceTest&amp#27;[0;39m - Received the 338 document with 1 chunks
&amp#27;[36m20:14:55.567&amp#27;[0;39m &amp#27;[1;30m[io-executor-thread-25]&amp#27;[0;39m &amp#27;[34mINFO &amp#27;[0;39m &amp#27;[35mc.k.s.c.grpc.GrpcChunkerServiceTest&amp#27;[0;39m - Received the 339 document with 9 chunks
&amp#27;[36m20:14:55.567&amp#27;[0;39m &amp#27;[1;30m[io-executor-thread-23]&amp#27;[0;39m &amp#27;[34mINFO &amp#27;[0;39m &amp#27;[35mc.k.s.c.grpc.GrpcChunkerServiceTest&amp#27;[0;39m - Received the 340 document with 26 chunks
&amp#27;[36m20:14:55.567&amp#27;[0;39m &amp#27;[1;30m[io-executor-thread-6]&amp#27;[0;39m &amp#27;[34mINFO &amp#27;[0;39m &amp#27;[35mc.k.s.c.grpc.GrpcChunkerServiceTest&amp#27;[0;39m - Received the 342 document with 35 chunks
&amp#27;[36m20:14:55.567&amp#27;[0;39m &amp#27;[1;30m[io-executor-thread-36]&amp#27;[0;39m &amp#27;[34mINFO &amp#27;[0;39m &amp#27;[35mc.k.s.c.grpc.GrpcChunkerServiceTest&amp#27;[0;39m - Received the 341 document with 14 chunks
&amp#27;[36m20:14:55.567&amp#27;[0;39m &amp#27;[1;30m[io-executor-thread-42]&amp#27;[0;39m &amp#27;[34mINFO &amp#27;[0;39m &amp#27;[35mc.k.s.c.grpc.GrpcChunkerServiceTest&amp#27;[0;39m - Received the 345 document with 9 chunks
&amp#27;[36m20:14:55.567&amp#27;[0;39m &amp#27;[1;30m[io-executor-thread-11]&amp#27;[0;39m &amp#27;[34mINFO &amp#27;[0;39m &amp#27;[35mc.k.s.c.grpc.GrpcChunkerServiceTest&amp#27;[0;39m - Received the 344 document with 1 chunks
&amp#27;[36m20:14:55.567&amp#27;[0;39m &amp#27;[1;30m[io-executor-thread-15]&amp#27;[0;39m &amp#27;[34mINFO &amp#27;[0;39m &amp#27;[35mc.k.s.c.grpc.GrpcChunkerServiceTest&amp#27;[0;39m - Received the 343 document with 1 chunks
&amp#27;[36m20:14:55.567&amp#27;[0;39m &amp#27;[1;30m[io-executor-thread-45]&amp#27;[0;39m &amp#27;[34mINFO &amp#27;[0;39m &amp#27;[35mc.k.s.c.grpc.GrpcChunkerServiceTest&amp#27;[0;39m - Received the 346 document with 16 chunks
&amp#27;[36m20:14:55.567&amp#27;[0;39m &amp#27;[1;30m[io-executor-thread-47]&amp#27;[0;39m &amp#27;[34mINFO &amp#27;[0;39m &amp#27;[35mc.k.s.c.grpc.GrpcChunkerServiceTest&amp#27;[0;39m - Received the 348 document with 72 chunks
&amp#27;[36m20:14:55.567&amp#27;[0;39m &amp#27;[1;30m[io-executor-thread-40]&amp#27;[0;39m &amp#27;[34mINFO &amp#27;[0;39m &amp#27;[35mc.k.s.c.grpc.GrpcChunkerServiceTest&amp#27;[0;39m - Received the 349 document with 52 chunks
&amp#27;[36m20:14:55.567&amp#27;[0;39m &amp#27;[1;30m[io-executor-thread-24]&amp#27;[0;39m &amp#27;[34mINFO &amp#27;[0;39m &amp#27;[35mc.k.s.c.grpc.GrpcChunkerServiceTest&amp#27;[0;39m - Received the 350 document with 121 chunks
&amp#27;[36m20:14:55.567&amp#27;[0;39m &amp#27;[1;30m[io-executor-thread-39]&amp#27;[0;39m &amp#27;[34mINFO &amp#27;[0;39m &amp#27;[35mc.k.s.c.grpc.GrpcChunkerServiceTest&amp#27;[0;39m - Received the 352 document with 128 chunks
&amp#27;[36m20:14:55.568&amp#27;[0;39m &amp#27;[1;30m[io-executor-thread-4]&amp#27;[0;39m &amp#27;[34mINFO &amp#27;[0;39m &amp#27;[35mc.k.s.c.grpc.GrpcChunkerServiceTest&amp#27;[0;39m - Received the 358 document with 763 chunks
&amp#27;[36m20:14:55.568&amp#27;[0;39m &amp#27;[1;30m[io-executor-thread-34]&amp#27;[0;39m &amp#27;[34mINFO &amp#27;[0;39m &amp#27;[35mc.k.s.c.grpc.GrpcChunkerServiceTest&amp#27;[0;39m - Received the 361 document with 229 chunks
&amp#27;[36m20:14:55.568&amp#27;[0;39m &amp#27;[1;30m[io-executor-thread-12]&amp#27;[0;39m &amp#27;[34mINFO &amp#27;[0;39m &amp#27;[35mc.k.s.c.grpc.GrpcChunkerServiceTest&amp#27;[0;39m - Received the 365 document with 1270 chunks
&amp#27;[36m20:14:55.611&amp#27;[0;39m &amp#27;[1;30m[main]&amp#27;[0;39m &amp#27;[34mINFO &amp#27;[0;39m &amp#27;[35mc.k.s.c.grpc.GrpcChunkerServiceTest&amp#27;[0;39m - waiting up to 25 seconds for at least 10 docs to be added..
&amp#27;[36m20:14:55.716&amp#27;[0;39m &amp#27;[1;30m[main]&amp#27;[0;39m &amp#27;[34mINFO &amp#27;[0;39m &amp#27;[35mc.k.s.c.grpc.GrpcChunkerServiceTest&amp#27;[0;39m - waiting for 500 seconds max for all 365 documents to be processed..
]]></system-out>
  </testcase>
  <testcase name="testItWorks" classname="com.krickert.search.chunker.grpc.GrpcChunkerServiceTest" time="0.002"/>
</testsuite>